#
# There is insufficient memory for the Java Runtime Environment to continue.
# Native memory allocation (malloc) failed to allocate 32744 bytes for Chunk::new
# Possible reasons:
#   The system is out of physical RAM or swap space
#   The process is running with CompressedOops enabled, and the Java Heap may be blocking the growth of the native heap
# Possible solutions:
#   Reduce memory load on the system
#   Increase physical memory or swap space
#   Check if swap backing store is full
#   Decrease Java heap size (-Xmx/-Xms)
#   Decrease number of Java threads
#   Decrease Java thread stack sizes (-Xss)
#   Set larger code cache with -XX:ReservedCodeCacheSize=
#   JVM is running with Unscaled Compressed Oops mode in which the Java heap is
#     placed in the first 4GB address space. The Java Heap base address is the
#     maximum limit for the native heap growth. Please use -XX:HeapBaseMinAddress
#     to set the Java Heap base and to place the Java Heap above 4GB virtual address.
# This output file may be truncated or incomplete.
#
#  Out of Memory Error (arena.cpp:184), pid=23004, tid=40032
#
# JRE version: Java(TM) SE Runtime Environment (19.0.2+7) (build 19.0.2+7-44)
# Java VM: Java HotSpot(TM) 64-Bit Server VM (19.0.2+7-44, mixed mode, sharing, tiered, compressed oops, compressed class ptrs, g1 gc, windows-amd64)
# No core dump will be written. Minidumps are not enabled by default on client versions of Windows
#

---------------  S U M M A R Y ------------

Command Line: -Dfile.encoding=UTF-8 -XX:+ShowCodeDetailsInExceptionMessages SeleccionDeCambio.SeleccionDeConvertidor

Host: Intel(R) Core(TM) i7-1065G7 CPU @ 1.30GHz, 8 cores, 7G,  Windows 11 , 64 bit Build 22000 (10.0.22000.1516)
Time: Sun Feb 26 19:56:28 2023 Hora estándar central (México) elapsed time: 0.706867 seconds (0d 0h 0m 0s)

---------------  T H R E A D  ---------------

Current thread (0x000001a17dcad250):  JavaThread "C2 CompilerThread0" daemon [_thread_in_native, id=40032, stack(0x0000002641800000,0x0000002641900000)]


Current CompileTask:
C2:    706  909   !   4       sun.font.TrueTypeFont::getTableBuffer (215 bytes)

Stack: [0x0000002641800000,0x0000002641900000]
Native frames: (J=compiled Java code, j=interpreted, Vv=VM code, C=native code)
V  [jvm.dll+0x6ee21a]
V  [jvm.dll+0x85765e]
V  [jvm.dll+0x85904e]
V  [jvm.dll+0x859703]
V  [jvm.dll+0x28298f]
V  [jvm.dll+0xc9adf]
V  [jvm.dll+0xc9e65]
V  [jvm.dll+0x719b09]
V  [jvm.dll+0x1ee367]
V  [jvm.dll+0x24c52b]
V  [jvm.dll+0x24b781]
V  [jvm.dll+0x1d6ce1]
V  [jvm.dll+0x25b25a]
V  [jvm.dll+0x2596e8]
V  [jvm.dll+0x807588]
V  [jvm.dll+0x80125a]
V  [jvm.dll+0x6ecf0b]
C  [ucrtbase.dll+0x26c0c]
C  [KERNEL32.DLL+0x155a0]
C  [ntdll.dll+0x485b]


---------------  P R O C E S S  ---------------

Threads class SMR info:
_java_thread_list=0x000001a17ee23000, length=17, elements={
0x000001a17dc96c70, 0x000001a17dc975a0, 0x000001a17dc9a250, 0x000001a17dc9ac70,
0x000001a17dc9b690, 0x000001a17dca95d0, 0x000001a17dcad250, 0x000001a17de30490,
0x000001a17dcc2bd0, 0x000001a17dcbfc00, 0x000001a17dcc3120, 0x000001a17dcc06a0,
0x000001a17dcc2680, 0x000001a17dcc0bf0, 0x000001a17dcc1140, 0x000001a17dcc1be0,
0x000001a17ee14430
}

Java Threads: ( => current thread )
  0x000001a17dc96c70 JavaThread "Reference Handler" daemon [_thread_blocked, id=40968, stack(0x0000002641200000,0x0000002641300000)]
  0x000001a17dc975a0 JavaThread "Finalizer" daemon [_thread_blocked, id=23840, stack(0x0000002641300000,0x0000002641400000)]
  0x000001a17dc9a250 JavaThread "Signal Dispatcher" daemon [_thread_blocked, id=40764, stack(0x0000002641400000,0x0000002641500000)]
  0x000001a17dc9ac70 JavaThread "Attach Listener" daemon [_thread_blocked, id=41680, stack(0x0000002641500000,0x0000002641600000)]
  0x000001a17dc9b690 JavaThread "Service Thread" daemon [_thread_blocked, id=41204, stack(0x0000002641600000,0x0000002641700000)]
  0x000001a17dca95d0 JavaThread "Monitor Deflation Thread" daemon [_thread_blocked, id=26592, stack(0x0000002641700000,0x0000002641800000)]
=>0x000001a17dcad250 JavaThread "C2 CompilerThread0" daemon [_thread_in_native, id=40032, stack(0x0000002641800000,0x0000002641900000)]
  0x000001a17de30490 JavaThread "C1 CompilerThread0" daemon [_thread_blocked, id=25188, stack(0x0000002641900000,0x0000002641a00000)]
  0x000001a17dcc2bd0 JavaThread "Sweeper thread" daemon [_thread_blocked, id=3076, stack(0x0000002641a00000,0x0000002641b00000)]
  0x000001a17dcbfc00 JavaThread "Notification Thread" daemon [_thread_blocked, id=24140, stack(0x0000002641b00000,0x0000002641c00000)]
  0x000001a17dcc3120 JavaThread "Common-Cleaner" daemon [_thread_blocked, id=41676, stack(0x0000002641d00000,0x0000002641e00000)]
  0x000001a17dcc06a0 JavaThread "Java2D Disposer" daemon [_thread_blocked, id=41128, stack(0x0000002641e00000,0x0000002641f00000)]
  0x000001a17dcc2680 JavaThread "AWT-Shutdown" [_thread_blocked, id=20656, stack(0x0000002641f00000,0x0000002642000000)]
  0x000001a17dcc0bf0 JavaThread "AWT-Windows" daemon [_thread_in_native, id=40280, stack(0x0000002642000000,0x0000002642100000)]
  0x000001a17dcc1140 JavaThread "AWT-EventQueue-0" [_thread_blocked, id=33840, stack(0x0000002642100000,0x0000002642200000)]
  0x000001a17dcc1be0 JavaThread "DestroyJavaVM" [_thread_blocked, id=29564, stack(0x0000002640b00000,0x0000002640c00000)]
  0x000001a17ee14430 JavaThread "C2 CompilerThread1" daemon [_thread_blocked, id=40096, stack(0x0000002642200000,0x0000002642300000)]

Other Threads:
  0x000001a17dc7bfd0 VMThread "VM Thread" [stack: 0x0000002641100000,0x0000002641200000] [id=32008]
  0x000001a17df46830 WatcherThread "VM Periodic Task Thread" [stack: 0x0000002641c00000,0x0000002641d00000] [id=41556]
  0x000001a16c73c4c0 WorkerThread "GC Thread#0" [stack: 0x0000002640c00000,0x0000002640d00000] [id=40796]
  0x000001a16c74caa0 ConcurrentGCThread "G1 Main Marker" [stack: 0x0000002640d00000,0x0000002640e00000] [id=41664]
  0x000001a16c74d4d0 WorkerThread "G1 Conc#0" [stack: 0x0000002640e00000,0x0000002640f00000] [id=33192]
  0x000001a17db39ab0 ConcurrentGCThread "G1 Refine#0" [stack: 0x0000002640f00000,0x0000002641000000] [id=40792]
  0x000001a17db3a390 ConcurrentGCThread "G1 Service" [stack: 0x0000002641000000,0x0000002641100000] [id=30572]

Threads with active compile tasks:
C2 CompilerThread0      731  909   !   4       sun.font.TrueTypeFont::getTableBuffer (215 bytes)

VM state: not at safepoint (normal execution)

VM Mutex/Monitor currently owned by a thread: None

Heap address: 0x0000000084c00000, size: 1972 MB, Compressed Oops mode: 32-bit

CDS archive(s) mapped at: [0x0000000800000000-0x0000000800c40000-0x0000000800c40000), size 12845056, SharedBaseAddress: 0x0000000800000000, ArchiveRelocationMode: 0.
Compressed class space mapped at: 0x0000000801000000-0x0000000841000000, reserved size: 1073741824
Narrow klass base: 0x0000000800000000, Narrow klass shift: 0, Narrow klass range: 0x100000000

GC Precious Log:
 CardTable entry size: 512
 Card Set container configuration: InlinePtr #cards 5 size 8 Array Of Cards #cards 12 size 40 Howl #buckets 4 coarsen threshold 1843 Howl Bitmap #cards 512 size 80 coarsen threshold 460 Card regions per heap region 1 cards per card region 2048
 CPUs: 8 total, 8 available
 Memory: 7880M
 Large Page Support: Disabled
 NUMA Support: Disabled
 Compressed Oops: Enabled (32-bit)
 Heap Region Size: 1M
 Heap Min Capacity: 8M
 Heap Initial Capacity: 124M
 Heap Max Capacity: 1972M
 Pre-touch: Disabled
 Parallel Workers: 8
 Concurrent Workers: 2
 Concurrent Refinement Workers: 8
 Periodic GC: Disabled

Heap:
 garbage-first heap   total 126976K, used 17408K [0x0000000084c00000, 0x0000000100000000)
  region size 1024K, 16 young (16384K), 0 survivors (0K)
 Metaspace       used 6620K, committed 6912K, reserved 1114112K
  class space    used 688K, committed 832K, reserved 1048576K

Heap Regions: E=young(eden), S=young(survivor), O=old, HS=humongous(starts), HC=humongous(continues), CS=collection set, F=free, OA=open archive, CA=closed archive, TAMS=top-at-mark-start (previous, next)
|   0|0x0000000084c00000, 0x0000000084d00000, 0x0000000084d00000|100%|HS|  |TAMS 0x0000000084c00000, 0x0000000084c00000| Complete 
|   1|0x0000000084d00000, 0x0000000084e00000, 0x0000000084e00000|100%|HC|  |TAMS 0x0000000084d00000, 0x0000000084d00000| Complete 
|   2|0x0000000084e00000, 0x0000000084e00000, 0x0000000084f00000|  0%| F|  |TAMS 0x0000000084e00000, 0x0000000084e00000| Untracked 
|   3|0x0000000084f00000, 0x0000000084f00000, 0x0000000085000000|  0%| F|  |TAMS 0x0000000084f00000, 0x0000000084f00000| Untracked 
|   4|0x0000000085000000, 0x0000000085000000, 0x0000000085100000|  0%| F|  |TAMS 0x0000000085000000, 0x0000000085000000| Untracked 
|   5|0x0000000085100000, 0x0000000085100000, 0x0000000085200000|  0%| F|  |TAMS 0x0000000085100000, 0x0000000085100000| Untracked 
|   6|0x0000000085200000, 0x0000000085200000, 0x0000000085300000|  0%| F|  |TAMS 0x0000000085200000, 0x0000000085200000| Untracked 
|   7|0x0000000085300000, 0x0000000085300000, 0x0000000085400000|  0%| F|  |TAMS 0x0000000085300000, 0x0000000085300000| Untracked 
|   8|0x0000000085400000, 0x0000000085400000, 0x0000000085500000|  0%| F|  |TAMS 0x0000000085400000, 0x0000000085400000| Untracked 
|   9|0x0000000085500000, 0x0000000085500000, 0x0000000085600000|  0%| F|  |TAMS 0x0000000085500000, 0x0000000085500000| Untracked 
|  10|0x0000000085600000, 0x0000000085600000, 0x0000000085700000|  0%| F|  |TAMS 0x0000000085600000, 0x0000000085600000| Untracked 
|  11|0x0000000085700000, 0x0000000085700000, 0x0000000085800000|  0%| F|  |TAMS 0x0000000085700000, 0x0000000085700000| Untracked 
|  12|0x0000000085800000, 0x0000000085800000, 0x0000000085900000|  0%| F|  |TAMS 0x0000000085800000, 0x0000000085800000| Untracked 
|  13|0x0000000085900000, 0x0000000085900000, 0x0000000085a00000|  0%| F|  |TAMS 0x0000000085900000, 0x0000000085900000| Untracked 
|  14|0x0000000085a00000, 0x0000000085a00000, 0x0000000085b00000|  0%| F|  |TAMS 0x0000000085a00000, 0x0000000085a00000| Untracked 
|  15|0x0000000085b00000, 0x0000000085b00000, 0x0000000085c00000|  0%| F|  |TAMS 0x0000000085b00000, 0x0000000085b00000| Untracked 
|  16|0x0000000085c00000, 0x0000000085c00000, 0x0000000085d00000|  0%| F|  |TAMS 0x0000000085c00000, 0x0000000085c00000| Untracked 
|  17|0x0000000085d00000, 0x0000000085d00000, 0x0000000085e00000|  0%| F|  |TAMS 0x0000000085d00000, 0x0000000085d00000| Untracked 
|  18|0x0000000085e00000, 0x0000000085e00000, 0x0000000085f00000|  0%| F|  |TAMS 0x0000000085e00000, 0x0000000085e00000| Untracked 
|  19|0x0000000085f00000, 0x0000000085f00000, 0x0000000086000000|  0%| F|  |TAMS 0x0000000085f00000, 0x0000000085f00000| Untracked 
|  20|0x0000000086000000, 0x0000000086000000, 0x0000000086100000|  0%| F|  |TAMS 0x0000000086000000, 0x0000000086000000| Untracked 
|  21|0x0000000086100000, 0x0000000086100000, 0x0000000086200000|  0%| F|  |TAMS 0x0000000086100000, 0x0000000086100000| Untracked 
|  22|0x0000000086200000, 0x0000000086200000, 0x0000000086300000|  0%| F|  |TAMS 0x0000000086200000, 0x0000000086200000| Untracked 
|  23|0x0000000086300000, 0x0000000086300000, 0x0000000086400000|  0%| F|  |TAMS 0x0000000086300000, 0x0000000086300000| Untracked 
|  24|0x0000000086400000, 0x0000000086400000, 0x0000000086500000|  0%| F|  |TAMS 0x0000000086400000, 0x0000000086400000| Untracked 
|  25|0x0000000086500000, 0x0000000086500000, 0x0000000086600000|  0%| F|  |TAMS 0x0000000086500000, 0x0000000086500000| Untracked 
|  26|0x0000000086600000, 0x0000000086600000, 0x0000000086700000|  0%| F|  |TAMS 0x0000000086600000, 0x0000000086600000| Untracked 
|  27|0x0000000086700000, 0x0000000086700000, 0x0000000086800000|  0%| F|  |TAMS 0x0000000086700000, 0x0000000086700000| Untracked 
|  28|0x0000000086800000, 0x0000000086800000, 0x0000000086900000|  0%| F|  |TAMS 0x0000000086800000, 0x0000000086800000| Untracked 
|  29|0x0000000086900000, 0x0000000086900000, 0x0000000086a00000|  0%| F|  |TAMS 0x0000000086900000, 0x0000000086900000| Untracked 
|  30|0x0000000086a00000, 0x0000000086a00000, 0x0000000086b00000|  0%| F|  |TAMS 0x0000000086a00000, 0x0000000086a00000| Untracked 
|  31|0x0000000086b00000, 0x0000000086b00000, 0x0000000086c00000|  0%| F|  |TAMS 0x0000000086b00000, 0x0000000086b00000| Untracked 
|  32|0x0000000086c00000, 0x0000000086c00000, 0x0000000086d00000|  0%| F|  |TAMS 0x0000000086c00000, 0x0000000086c00000| Untracked 
|  33|0x0000000086d00000, 0x0000000086d00000, 0x0000000086e00000|  0%| F|  |TAMS 0x0000000086d00000, 0x0000000086d00000| Untracked 
|  34|0x0000000086e00000, 0x0000000086e00000, 0x0000000086f00000|  0%| F|  |TAMS 0x0000000086e00000, 0x0000000086e00000| Untracked 
|  35|0x0000000086f00000, 0x0000000086f00000, 0x0000000087000000|  0%| F|  |TAMS 0x0000000086f00000, 0x0000000086f00000| Untracked 
|  36|0x0000000087000000, 0x0000000087000000, 0x0000000087100000|  0%| F|  |TAMS 0x0000000087000000, 0x0000000087000000| Untracked 
|  37|0x0000000087100000, 0x0000000087100000, 0x0000000087200000|  0%| F|  |TAMS 0x0000000087100000, 0x0000000087100000| Untracked 
|  38|0x0000000087200000, 0x0000000087200000, 0x0000000087300000|  0%| F|  |TAMS 0x0000000087200000, 0x0000000087200000| Untracked 
|  39|0x0000000087300000, 0x0000000087300000, 0x0000000087400000|  0%| F|  |TAMS 0x0000000087300000, 0x0000000087300000| Untracked 
|  40|0x0000000087400000, 0x0000000087400000, 0x0000000087500000|  0%| F|  |TAMS 0x0000000087400000, 0x0000000087400000| Untracked 
|  41|0x0000000087500000, 0x0000000087500000, 0x0000000087600000|  0%| F|  |TAMS 0x0000000087500000, 0x0000000087500000| Untracked 
|  42|0x0000000087600000, 0x0000000087600000, 0x0000000087700000|  0%| F|  |TAMS 0x0000000087600000, 0x0000000087600000| Untracked 
|  43|0x0000000087700000, 0x0000000087700000, 0x0000000087800000|  0%| F|  |TAMS 0x0000000087700000, 0x0000000087700000| Untracked 
|  44|0x0000000087800000, 0x0000000087800000, 0x0000000087900000|  0%| F|  |TAMS 0x0000000087800000, 0x0000000087800000| Untracked 
|  45|0x0000000087900000, 0x0000000087900000, 0x0000000087a00000|  0%| F|  |TAMS 0x0000000087900000, 0x0000000087900000| Untracked 
|  46|0x0000000087a00000, 0x0000000087a00000, 0x0000000087b00000|  0%| F|  |TAMS 0x0000000087a00000, 0x0000000087a00000| Untracked 
|  47|0x0000000087b00000, 0x0000000087b00000, 0x0000000087c00000|  0%| F|  |TAMS 0x0000000087b00000, 0x0000000087b00000| Untracked 
|  48|0x0000000087c00000, 0x0000000087c00000, 0x0000000087d00000|  0%| F|  |TAMS 0x0000000087c00000, 0x0000000087c00000| Untracked 
|  49|0x0000000087d00000, 0x0000000087d00000, 0x0000000087e00000|  0%| F|  |TAMS 0x0000000087d00000, 0x0000000087d00000| Untracked 
|  50|0x0000000087e00000, 0x0000000087e00000, 0x0000000087f00000|  0%| F|  |TAMS 0x0000000087e00000, 0x0000000087e00000| Untracked 
|  51|0x0000000087f00000, 0x0000000087f00000, 0x0000000088000000|  0%| F|  |TAMS 0x0000000087f00000, 0x0000000087f00000| Untracked 
|  52|0x0000000088000000, 0x0000000088000000, 0x0000000088100000|  0%| F|  |TAMS 0x0000000088000000, 0x0000000088000000| Untracked 
|  53|0x0000000088100000, 0x0000000088100000, 0x0000000088200000|  0%| F|  |TAMS 0x0000000088100000, 0x0000000088100000| Untracked 
|  54|0x0000000088200000, 0x0000000088200000, 0x0000000088300000|  0%| F|  |TAMS 0x0000000088200000, 0x0000000088200000| Untracked 
|  55|0x0000000088300000, 0x0000000088300000, 0x0000000088400000|  0%| F|  |TAMS 0x0000000088300000, 0x0000000088300000| Untracked 
|  56|0x0000000088400000, 0x0000000088400000, 0x0000000088500000|  0%| F|  |TAMS 0x0000000088400000, 0x0000000088400000| Untracked 
|  57|0x0000000088500000, 0x0000000088500000, 0x0000000088600000|  0%| F|  |TAMS 0x0000000088500000, 0x0000000088500000| Untracked 
|  58|0x0000000088600000, 0x0000000088600000, 0x0000000088700000|  0%| F|  |TAMS 0x0000000088600000, 0x0000000088600000| Untracked 
|  59|0x0000000088700000, 0x0000000088700000, 0x0000000088800000|  0%| F|  |TAMS 0x0000000088700000, 0x0000000088700000| Untracked 
|  60|0x0000000088800000, 0x0000000088800000, 0x0000000088900000|  0%| F|  |TAMS 0x0000000088800000, 0x0000000088800000| Untracked 
|  61|0x0000000088900000, 0x0000000088900000, 0x0000000088a00000|  0%| F|  |TAMS 0x0000000088900000, 0x0000000088900000| Untracked 
|  62|0x0000000088a00000, 0x0000000088a00000, 0x0000000088b00000|  0%| F|  |TAMS 0x0000000088a00000, 0x0000000088a00000| Untracked 
|  63|0x0000000088b00000, 0x0000000088b00000, 0x0000000088c00000|  0%| F|  |TAMS 0x0000000088b00000, 0x0000000088b00000| Untracked 
|  64|0x0000000088c00000, 0x0000000088c00000, 0x0000000088d00000|  0%| F|  |TAMS 0x0000000088c00000, 0x0000000088c00000| Untracked 
|  65|0x0000000088d00000, 0x0000000088d00000, 0x0000000088e00000|  0%| F|  |TAMS 0x0000000088d00000, 0x0000000088d00000| Untracked 
|  66|0x0000000088e00000, 0x0000000088e00000, 0x0000000088f00000|  0%| F|  |TAMS 0x0000000088e00000, 0x0000000088e00000| Untracked 
|  67|0x0000000088f00000, 0x0000000088f00000, 0x0000000089000000|  0%| F|  |TAMS 0x0000000088f00000, 0x0000000088f00000| Untracked 
|  68|0x0000000089000000, 0x0000000089000000, 0x0000000089100000|  0%| F|  |TAMS 0x0000000089000000, 0x0000000089000000| Untracked 
|  69|0x0000000089100000, 0x0000000089100000, 0x0000000089200000|  0%| F|  |TAMS 0x0000000089100000, 0x0000000089100000| Untracked 
|  70|0x0000000089200000, 0x0000000089200000, 0x0000000089300000|  0%| F|  |TAMS 0x0000000089200000, 0x0000000089200000| Untracked 
|  71|0x0000000089300000, 0x0000000089300000, 0x0000000089400000|  0%| F|  |TAMS 0x0000000089300000, 0x0000000089300000| Untracked 
|  72|0x0000000089400000, 0x0000000089400000, 0x0000000089500000|  0%| F|  |TAMS 0x0000000089400000, 0x0000000089400000| Untracked 
|  73|0x0000000089500000, 0x0000000089500000, 0x0000000089600000|  0%| F|  |TAMS 0x0000000089500000, 0x0000000089500000| Untracked 
|  74|0x0000000089600000, 0x0000000089600000, 0x0000000089700000|  0%| F|  |TAMS 0x0000000089600000, 0x0000000089600000| Untracked 
|  75|0x0000000089700000, 0x0000000089700000, 0x0000000089800000|  0%| F|  |TAMS 0x0000000089700000, 0x0000000089700000| Untracked 
|  76|0x0000000089800000, 0x0000000089800000, 0x0000000089900000|  0%| F|  |TAMS 0x0000000089800000, 0x0000000089800000| Untracked 
|  77|0x0000000089900000, 0x0000000089900000, 0x0000000089a00000|  0%| F|  |TAMS 0x0000000089900000, 0x0000000089900000| Untracked 
|  78|0x0000000089a00000, 0x0000000089a00000, 0x0000000089b00000|  0%| F|  |TAMS 0x0000000089a00000, 0x0000000089a00000| Untracked 
|  79|0x0000000089b00000, 0x0000000089b00000, 0x0000000089c00000|  0%| F|  |TAMS 0x0000000089b00000, 0x0000000089b00000| Untracked 
|  80|0x0000000089c00000, 0x0000000089c00000, 0x0000000089d00000|  0%| F|  |TAMS 0x0000000089c00000, 0x0000000089c00000| Untracked 
|  81|0x0000000089d00000, 0x0000000089d00000, 0x0000000089e00000|  0%| F|  |TAMS 0x0000000089d00000, 0x0000000089d00000| Untracked 
|  82|0x0000000089e00000, 0x0000000089e00000, 0x0000000089f00000|  0%| F|  |TAMS 0x0000000089e00000, 0x0000000089e00000| Untracked 
|  83|0x0000000089f00000, 0x0000000089f00000, 0x000000008a000000|  0%| F|  |TAMS 0x0000000089f00000, 0x0000000089f00000| Untracked 
|  84|0x000000008a000000, 0x000000008a000000, 0x000000008a100000|  0%| F|  |TAMS 0x000000008a000000, 0x000000008a000000| Untracked 
|  85|0x000000008a100000, 0x000000008a100000, 0x000000008a200000|  0%| F|  |TAMS 0x000000008a100000, 0x000000008a100000| Untracked 
|  86|0x000000008a200000, 0x000000008a200000, 0x000000008a300000|  0%| F|  |TAMS 0x000000008a200000, 0x000000008a200000| Untracked 
|  87|0x000000008a300000, 0x000000008a300000, 0x000000008a400000|  0%| F|  |TAMS 0x000000008a300000, 0x000000008a300000| Untracked 
|  88|0x000000008a400000, 0x000000008a400000, 0x000000008a500000|  0%| F|  |TAMS 0x000000008a400000, 0x000000008a400000| Untracked 
|  89|0x000000008a500000, 0x000000008a500000, 0x000000008a600000|  0%| F|  |TAMS 0x000000008a500000, 0x000000008a500000| Untracked 
|  90|0x000000008a600000, 0x000000008a600000, 0x000000008a700000|  0%| F|  |TAMS 0x000000008a600000, 0x000000008a600000| Untracked 
|  91|0x000000008a700000, 0x000000008a700000, 0x000000008a800000|  0%| F|  |TAMS 0x000000008a700000, 0x000000008a700000| Untracked 
|  92|0x000000008a800000, 0x000000008a800000, 0x000000008a900000|  0%| F|  |TAMS 0x000000008a800000, 0x000000008a800000| Untracked 
|  93|0x000000008a900000, 0x000000008a900000, 0x000000008aa00000|  0%| F|  |TAMS 0x000000008a900000, 0x000000008a900000| Untracked 
|  94|0x000000008aa00000, 0x000000008aa00000, 0x000000008ab00000|  0%| F|  |TAMS 0x000000008aa00000, 0x000000008aa00000| Untracked 
|  95|0x000000008ab00000, 0x000000008ab00000, 0x000000008ac00000|  0%| F|  |TAMS 0x000000008ab00000, 0x000000008ab00000| Untracked 
|  96|0x000000008ac00000, 0x000000008ac00000, 0x000000008ad00000|  0%| F|  |TAMS 0x000000008ac00000, 0x000000008ac00000| Untracked 
|  97|0x000000008ad00000, 0x000000008ad00000, 0x000000008ae00000|  0%| F|  |TAMS 0x000000008ad00000, 0x000000008ad00000| Untracked 
|  98|0x000000008ae00000, 0x000000008ae00000, 0x000000008af00000|  0%| F|  |TAMS 0x000000008ae00000, 0x000000008ae00000| Untracked 
|  99|0x000000008af00000, 0x000000008af00000, 0x000000008b000000|  0%| F|  |TAMS 0x000000008af00000, 0x000000008af00000| Untracked 
| 100|0x000000008b000000, 0x000000008b000000, 0x000000008b100000|  0%| F|  |TAMS 0x000000008b000000, 0x000000008b000000| Untracked 
| 101|0x000000008b100000, 0x000000008b100000, 0x000000008b200000|  0%| F|  |TAMS 0x000000008b100000, 0x000000008b100000| Untracked 
| 102|0x000000008b200000, 0x000000008b200000, 0x000000008b300000|  0%| F|  |TAMS 0x000000008b200000, 0x000000008b200000| Untracked 
| 103|0x000000008b300000, 0x000000008b300000, 0x000000008b400000|  0%| F|  |TAMS 0x000000008b300000, 0x000000008b300000| Untracked 
| 104|0x000000008b400000, 0x000000008b400000, 0x000000008b500000|  0%| F|  |TAMS 0x000000008b400000, 0x000000008b400000| Untracked 
| 105|0x000000008b500000, 0x000000008b500000, 0x000000008b600000|  0%| F|  |TAMS 0x000000008b500000, 0x000000008b500000| Untracked 
| 106|0x000000008b600000, 0x000000008b600000, 0x000000008b700000|  0%| F|  |TAMS 0x000000008b600000, 0x000000008b600000| Untracked 
| 107|0x000000008b700000, 0x000000008b700000, 0x000000008b800000|  0%| F|  |TAMS 0x000000008b700000, 0x000000008b700000| Untracked 
| 108|0x000000008b800000, 0x000000008b877968, 0x000000008b900000| 46%| E|  |TAMS 0x000000008b800000, 0x000000008b800000| Complete 
| 109|0x000000008b900000, 0x000000008ba00000, 0x000000008ba00000|100%| E|CS|TAMS 0x000000008b900000, 0x000000008b900000| Complete 
| 110|0x000000008ba00000, 0x000000008bb00000, 0x000000008bb00000|100%| E|CS|TAMS 0x000000008ba00000, 0x000000008ba00000| Complete 
| 111|0x000000008bb00000, 0x000000008bc00000, 0x000000008bc00000|100%| E|CS|TAMS 0x000000008bb00000, 0x000000008bb00000| Complete 
| 112|0x000000008bc00000, 0x000000008bd00000, 0x000000008bd00000|100%| E|CS|TAMS 0x000000008bc00000, 0x000000008bc00000| Complete 
| 113|0x000000008bd00000, 0x000000008be00000, 0x000000008be00000|100%| E|CS|TAMS 0x000000008bd00000, 0x000000008bd00000| Complete 
| 114|0x000000008be00000, 0x000000008bf00000, 0x000000008bf00000|100%| E|CS|TAMS 0x000000008be00000, 0x000000008be00000| Complete 
| 115|0x000000008bf00000, 0x000000008c000000, 0x000000008c000000|100%| E|CS|TAMS 0x000000008bf00000, 0x000000008bf00000| Complete 
| 116|0x000000008c000000, 0x000000008c100000, 0x000000008c100000|100%| E|CS|TAMS 0x000000008c000000, 0x000000008c000000| Complete 
| 117|0x000000008c100000, 0x000000008c200000, 0x000000008c200000|100%| E|CS|TAMS 0x000000008c100000, 0x000000008c100000| Complete 
| 118|0x000000008c200000, 0x000000008c300000, 0x000000008c300000|100%| E|CS|TAMS 0x000000008c200000, 0x000000008c200000| Complete 
| 119|0x000000008c300000, 0x000000008c400000, 0x000000008c400000|100%| E|CS|TAMS 0x000000008c300000, 0x000000008c300000| Complete 
| 120|0x000000008c400000, 0x000000008c500000, 0x000000008c500000|100%| E|CS|TAMS 0x000000008c400000, 0x000000008c400000| Complete 
| 121|0x000000008c500000, 0x000000008c600000, 0x000000008c600000|100%| E|CS|TAMS 0x000000008c500000, 0x000000008c500000| Complete 
| 122|0x000000008c600000, 0x000000008c700000, 0x000000008c700000|100%| E|CS|TAMS 0x000000008c600000, 0x000000008c600000| Complete 
| 123|0x000000008c700000, 0x000000008c800000, 0x000000008c800000|100%| E|CS|TAMS 0x000000008c700000, 0x000000008c700000| Complete 

Card table byte_map: [0x000001a176c70000,0x000001a177050000] _byte_map_base: 0x000001a17684a000

Marking Bits (Prev, Next): (CMBitMap*) 0x000001a16c73caf0, (CMBitMap*) 0x000001a16c73cb30
 Prev Bits: [0x000001a177430000, 0x000001a179300000)
 Next Bits: [0x000001a179300000, 0x000001a17b1d0000)

Polling page: 0x000001a16c7b0000

Metaspace:

Usage:
  Non-class:      5.79 MB used.
      Class:    688.62 KB used.
       Both:      6.47 MB used.

Virtual space:
  Non-class space:       64.00 MB reserved,       5.94 MB (  9%) committed,  1 nodes.
      Class space:        1.00 GB reserved,     832.00 KB ( <1%) committed,  1 nodes.
             Both:        1.06 GB reserved,       6.75 MB ( <1%) committed. 

Chunk freelists:
   Non-Class:  2.11 MB
       Class:  3.24 MB
        Both:  5.35 MB

MaxMetaspaceSize: unlimited
CompressedClassSpaceSize: 1.00 GB
Initial GC threshold: 21.00 MB
Current GC threshold: 21.00 MB
CDS: on
MetaspaceReclaimPolicy: balanced
 - commit_granule_bytes: 65536.
 - commit_granule_words: 8192.
 - virtual_space_node_default_size: 8388608.
 - enlarge_chunks_in_place: 1.
 - new_chunks_are_fully_committed: 0.
 - uncommit_free_chunks: 1.
 - use_allocation_guard: 0.


Internal statistics:

num_allocs_failed_limit: 0.
num_arena_births: 142.
num_arena_deaths: 0.
num_vsnodes_births: 2.
num_vsnodes_deaths: 0.
num_space_committed: 108.
num_space_uncommitted: 0.
num_chunks_returned_to_freelist: 0.
num_chunks_taken_from_freelist: 153.
num_chunk_merges: 0.
num_chunk_splits: 106.
num_chunks_enlarged: 70.
num_inconsistent_stats: 0.

CodeHeap 'non-profiled nmethods': size=120000Kb used=266Kb max_used=266Kb free=119733Kb
 bounds [0x000001a107ad0000, 0x000001a107d40000, 0x000001a10f000000]
CodeHeap 'profiled nmethods': size=120000Kb used=1521Kb max_used=1521Kb free=118479Kb
 bounds [0x000001a100000000, 0x000001a100270000, 0x000001a107530000]
CodeHeap 'non-nmethods': size=5760Kb used=1343Kb max_used=1357Kb free=4416Kb
 bounds [0x000001a107530000, 0x000001a1077a0000, 0x000001a107ad0000]
 total_blobs=1515 nmethods=951 adapters=475
 compilation: enabled
              stopped_count=0, restarted_count=0
 full_count=0

Compilation events (20 events):
Event: 0.669 Thread 0x000001a17ee14430  939       4       java.lang.String::<init> (13 bytes)
Event: 0.672 Thread 0x000001a17de30490  941       3       jdk.internal.loader.NativeLibraries$NativeLibraryImpl::find (9 bytes)
Event: 0.672 Thread 0x000001a17de30490 nmethod 941 0x000001a100179f10 code [0x000001a10017a0c0, 0x000001a10017a208]
Event: 0.674 Thread 0x000001a17ee14430 nmethod 939 0x000001a107b10d10 code [0x000001a107b10ec0, 0x000001a107b112f8]
Event: 0.675 Thread 0x000001a17de30490  943       3       java.nio.ByteBufferAsCharBufferB::get (30 bytes)
Event: 0.675 Thread 0x000001a17ee14430  945       4       java.nio.Buffer::nextGetIndex (30 bytes)
Event: 0.676 Thread 0x000001a17ee14430 nmethod 945 0x000001a107b11610 code [0x000001a107b117a0, 0x000001a107b11858]
Event: 0.676 Thread 0x000001a17de30490 nmethod 943 0x000001a10017a290 code [0x000001a10017a4e0, 0x000001a10017adc8]
Event: 0.676 Thread 0x000001a17de30490  944       3       java.nio.ByteBufferAsCharBufferB::byteOffset (9 bytes)
Event: 0.676 Thread 0x000001a17de30490 nmethod 944 0x000001a10017b210 code [0x000001a10017b3a0, 0x000001a10017b4b8]
Event: 0.694 Thread 0x000001a17de30490  947       1       java.nio.DirectByteBuffer::isReadOnly (2 bytes)
Event: 0.695 Thread 0x000001a17de30490 nmethod 947 0x000001a107b11c10 code [0x000001a107b11da0, 0x000001a107b11e78]
Event: 0.698 Thread 0x000001a17de30490  948       3       java.lang.StrictMath::floorOrCeil (128 bytes)
Event: 0.699 Thread 0x000001a17de30490 nmethod 948 0x000001a10017b590 code [0x000001a10017b780, 0x000001a10017bc38]
Event: 0.699 Thread 0x000001a17de30490  949       3       java.lang.Math::getExponent (17 bytes)
Event: 0.699 Thread 0x000001a17de30490 nmethod 949 0x000001a10017bd10 code [0x000001a10017bea0, 0x000001a10017bfd8]
Event: 0.700 Thread 0x000001a17de30490  950       1       java.awt.AWTEvent::getID (5 bytes)
Event: 0.700 Thread 0x000001a17de30490 nmethod 950 0x000001a107b11f10 code [0x000001a107b120a0, 0x000001a107b12158]
Event: 0.703 Thread 0x000001a17de30490  951       3       sun.util.locale.LocaleUtils::isUpper (18 bytes)
Event: 0.703 Thread 0x000001a17de30490 nmethod 951 0x000001a10017c090 code [0x000001a10017c220, 0x000001a10017c398]

GC Heap History (0 events):
No events

Dll operation events (8 events):
Event: 0.008 Loaded shared library C:\Program Files\Java\jdk-19\bin\java.dll
Event: 0.017 Loaded shared library C:\Program Files\Java\jdk-19\bin\jsvml.dll
Event: 0.076 Loaded shared library C:\Program Files\Java\jdk-19\bin\jimage.dll
Event: 0.094 Loaded shared library C:\Program Files\Java\jdk-19\bin\awt.dll
Event: 0.268 Loaded shared library C:\Program Files\Java\jdk-19\bin\freetype.dll
Event: 0.269 Loaded shared library C:\Program Files\Java\jdk-19\bin\fontmanager.dll
Event: 0.371 Loaded shared library C:\Program Files\Java\jdk-19\bin\net.dll
Event: 0.374 Loaded shared library C:\Program Files\Java\jdk-19\bin\nio.dll

Deoptimization events (18 events):
Event: 0.413 Thread 0x000001a17dcc1140 Uncommon trap: trap_request=0xffffff45 fr.pc=0x000001a107af91b4 relative=0x0000000000000474
Event: 0.413 Thread 0x000001a17dcc1140 Uncommon trap: reason=unstable_if action=reinterpret pc=0x000001a107af91b4 method=java.lang.StringLatin1.toLowerCase(Ljava/lang/String;[BLjava/util/Locale;)Ljava/lang/String; @ 43 c2
Event: 0.413 Thread 0x000001a17dcc1140 DEOPT PACKING pc=0x000001a107af91b4 sp=0x00000026421fd000
Event: 0.413 Thread 0x000001a17dcc1140 DEOPT UNPACKING pc=0x000001a10759a5a3 sp=0x00000026421fcf70 mode 2
Event: 0.436 Thread 0x000001a17dcc1140 DEOPT PACKING pc=0x000001a1000f6602 sp=0x00000026421fcfb0
Event: 0.436 Thread 0x000001a17dcc1140 DEOPT UNPACKING pc=0x000001a10759b0e3 sp=0x00000026421fc438 mode 0
Event: 0.476 Thread 0x000001a17dcc1140 DEOPT PACKING pc=0x000001a100016567 sp=0x00000026421fcc60
Event: 0.476 Thread 0x000001a17dcc1140 DEOPT UNPACKING pc=0x000001a10759b0e3 sp=0x00000026421fc080 mode 0
Event: 0.534 Thread 0x000001a17dcc1140 DEOPT PACKING pc=0x000001a100015551 sp=0x00000026421fc660
Event: 0.534 Thread 0x000001a17dcc1140 DEOPT UNPACKING pc=0x000001a10759b0e3 sp=0x00000026421fbad8 mode 0
Event: 0.599 Thread 0x000001a17dcc1140 Uncommon trap: trap_request=0xffffff45 fr.pc=0x000001a107ada2c0 relative=0x00000000000000a0
Event: 0.599 Thread 0x000001a17dcc1140 Uncommon trap: reason=unstable_if action=reinterpret pc=0x000001a107ada2c0 method=java.lang.String.hashCode()I @ 20 c2
Event: 0.599 Thread 0x000001a17dcc1140 DEOPT PACKING pc=0x000001a107ada2c0 sp=0x00000026421fce10
Event: 0.599 Thread 0x000001a17dcc1140 DEOPT UNPACKING pc=0x000001a10759a5a3 sp=0x00000026421fcda0 mode 2
Event: 0.621 Thread 0x000001a17dcc1140 Uncommon trap: trap_request=0xffffff45 fr.pc=0x000001a107b05e64 relative=0x00000000000003a4
Event: 0.621 Thread 0x000001a17dcc1140 Uncommon trap: reason=unstable_if action=reinterpret pc=0x000001a107b05e64 method=java.lang.Character.isSurrogate(C)Z @ 3 c2
Event: 0.621 Thread 0x000001a17dcc1140 DEOPT PACKING pc=0x000001a107b05e64 sp=0x00000026421fcae0
Event: 0.621 Thread 0x000001a17dcc1140 DEOPT UNPACKING pc=0x000001a10759a5a3 sp=0x00000026421fc9f8 mode 2

Classes loaded (20 events):
Event: 0.698 Loading class sun/awt/image/ToolkitImage
Event: 0.698 Loading class sun/awt/image/ToolkitImage done
Event: 0.699 Loading class java/awt/KeyboardFocusManager$3
Event: 0.700 Loading class java/awt/KeyboardFocusManager$3 done
Event: 0.700 Loading class java/awt/im/InputContext
Event: 0.700 Loading class java/awt/im/InputContext done
Event: 0.700 Loading class sun/awt/im/InputMethodContext
Event: 0.701 Loading class java/awt/im/spi/InputMethodContext
Event: 0.701 Loading class java/awt/im/InputMethodRequests
Event: 0.701 Loading class java/awt/im/InputMethodRequests done
Event: 0.701 Loading class java/awt/im/spi/InputMethodContext done
Event: 0.701 Loading class sun/awt/im/InputContext
Event: 0.702 Loading class sun/awt/im/InputContext done
Event: 0.702 Loading class sun/awt/im/InputMethodContext done
Event: 0.702 Loading class sun/awt/windows/WInputMethod
Event: 0.702 Loading class sun/awt/im/InputMethodAdapter
Event: 0.702 Loading class java/awt/im/spi/InputMethod
Event: 0.702 Loading class java/awt/im/spi/InputMethod done
Event: 0.702 Loading class sun/awt/im/InputMethodAdapter done
Event: 0.702 Loading class sun/awt/windows/WInputMethod done

Classes unloaded (0 events):
No events

Classes redefined (0 events):
No events

Internal exceptions (12 events):
Event: 0.083 Thread 0x000001a16c6dbc50 Exception <a 'java/lang/ClassNotFoundException'{0x000000008c64aee8}: sun/awt/resources/spi/awtProvider> (0x000000008c64aee8) 
thrown [s\open\src\hotspot\share\classfile\systemDictionary.cpp, line 255]
Event: 0.112 Thread 0x000001a16c6dbc50 Exception <a 'java/io/FileNotFoundException'{0x000000008c51a410}> (0x000000008c51a410) 
thrown [s\open\src\hotspot\share\prims\jni.cpp, line 517]
Event: 0.119 Thread 0x000001a16c6dbc50 Exception <a 'java/io/FileNotFoundException'{0x000000008c546978}> (0x000000008c546978) 
thrown [s\open\src\hotspot\share\prims\jni.cpp, line 517]
Event: 0.157 Thread 0x000001a16c6dbc50 Exception <a 'java/lang/NoSuchMethodError'{0x000000008c5910c8}: 'java.lang.Object java.lang.invoke.DirectMethodHandle$Holder.invokeStaticInit(java.lang.Object)'> (0x000000008c5910c8) 
thrown [s\open\src\hotspot\share\interpreter\linkResolver.cpp, line 774]
Event: 0.199 Thread 0x000001a16c6dbc50 Exception <a 'java/lang/NoSuchMethodError'{0x000000008c5e6000}: 'void java.lang.invoke.DirectMethodHandle$Holder.invokeSpecial(java.lang.Object, java.lang.Object, java.lang.Object)'> (0x000000008c5e6000) 
thrown [s\open\src\hotspot\share\interpreter\linkResolver.cpp, line 774]
Event: 0.210 Thread 0x000001a16c6dbc50 Exception <a 'java/lang/NoSuchMethodError'{0x000000008c49b9b8}: 'java.lang.Object java.lang.invoke.DirectMethodHandle$Holder.newInvokeSpecial(java.lang.Object, java.lang.Object, java.lang.Object, java.lang.Object, java.lang.Object)'> (0x000000008c49b9b8) 
thrown [s\open\src\hotspot\share\interpreter\linkResolver.cpp, line 774]
Event: 0.216 Thread 0x000001a16c6dbc50 Exception <a 'java/lang/NoSuchMethodError'{0x000000008c4cd0a0}: 'java.lang.Object java.lang.invoke.DirectMethodHandle$Holder.invokeStatic(java.lang.Object, int, java.lang.Object)'> (0x000000008c4cd0a0) 
thrown [s\open\src\hotspot\share\interpreter\linkResolver.cpp, line 774]
Event: 0.235 Thread 0x000001a16c6dbc50 Exception <a 'java/lang/ClassNotFoundException'{0x000000008c39bfe8}: com/sun/swing/internal/plaf/metal/resources/spi/metalProvider> (0x000000008c39bfe8) 
thrown [s\open\src\hotspot\share\classfile\systemDictionary.cpp, line 255]
Event: 0.236 Thread 0x000001a16c6dbc50 Exception <a 'java/lang/ClassNotFoundException'{0x000000008c39ff98}: com/sun/swing/internal/plaf/basic/resources/spi/basicProvider> (0x000000008c39ff98) 
thrown [s\open\src\hotspot\share\classfile\systemDictionary.cpp, line 255]
Event: 0.242 Thread 0x000001a16c6dbc50 Exception <a 'java/lang/NoSuchMethodError'{0x000000008c3c01c0}: 'int java.lang.invoke.Invokers$Holder.invokeExact_MT(java.lang.Object, java.lang.Object)'> (0x000000008c3c01c0) 
thrown [s\open\src\hotspot\share\interpreter\linkResolver.cpp, line 774]
Event: 0.255 Thread 0x000001a17dcc0bf0 Exception <a 'java/lang/NoSuchMethodError'{0x000000008c410178}: 'void java.lang.invoke.DirectMethodHandle$Holder.invokeVirtual(java.lang.Object, java.lang.Object)'> (0x000000008c410178) 
thrown [s\open\src\hotspot\share\interpreter\linkResolver.cpp, line 774]
Event: 0.265 Thread 0x000001a16c6dbc50 Exception <a 'java/lang/NoSuchMethodError'{0x000000008c201698}: 'void java.lang.invoke.DirectMethodHandle$Holder.invokeStaticInit(java.lang.Object)'> (0x000000008c201698) 
thrown [s\open\src\hotspot\share\interpreter\linkResolver.cpp, line 774]

VM Operations (8 events):
Event: 0.235 Executing VM operation: HandshakeAllThreads
Event: 0.235 Executing VM operation: HandshakeAllThreads done
Event: 0.245 Executing VM operation: HandshakeAllThreads
Event: 0.245 Executing VM operation: HandshakeAllThreads done
Event: 0.675 Executing VM operation: HandshakeAllThreads
Event: 0.675 Executing VM operation: HandshakeAllThreads done
Event: 0.675 Executing VM operation: HandshakeAllThreads
Event: 0.675 Executing VM operation: HandshakeAllThreads done

Events (19 events):
Event: 0.017 Thread 0x000001a16c6dbc50 Thread added: 0x000001a16c6dbc50
Event: 0.032 Thread 0x000001a17dc96c70 Thread added: 0x000001a17dc96c70
Event: 0.032 Thread 0x000001a17dc975a0 Thread added: 0x000001a17dc975a0
Event: 0.032 Thread 0x000001a17dc9a250 Thread added: 0x000001a17dc9a250
Event: 0.032 Thread 0x000001a17dc9ac70 Thread added: 0x000001a17dc9ac70
Event: 0.032 Thread 0x000001a17dc9b690 Thread added: 0x000001a17dc9b690
Event: 0.032 Thread 0x000001a17dca95d0 Thread added: 0x000001a17dca95d0
Event: 0.033 Thread 0x000001a17dcad250 Thread added: 0x000001a17dcad250
Event: 0.033 Thread 0x000001a17de30490 Thread added: 0x000001a17de30490
Event: 0.033 Thread 0x000001a17dcc2bd0 Thread added: 0x000001a17dcc2bd0
Event: 0.051 Thread 0x000001a17dcbfc00 Thread added: 0x000001a17dcbfc00
Event: 0.056 Thread 0x000001a17dcc3120 Thread added: 0x000001a17dcc3120
Event: 0.158 Thread 0x000001a17dcc06a0 Thread added: 0x000001a17dcc06a0
Event: 0.159 Thread 0x000001a17dcc2680 Thread added: 0x000001a17dcc2680
Event: 0.160 Thread 0x000001a17dcc0bf0 Thread added: 0x000001a17dcc0bf0
Event: 0.254 Thread 0x000001a17dcc1140 Thread added: 0x000001a17dcc1140
Event: 0.328 Thread 0x000001a16c6dbc50 Thread exited: 0x000001a16c6dbc50
Event: 0.328 Thread 0x000001a17dcc1be0 Thread added: 0x000001a17dcc1be0
Event: 0.624 Thread 0x000001a17ee14430 Thread added: 0x000001a17ee14430


Dynamic libraries:
0x00007ff6fd1f0000 - 0x00007ff6fd200000 	C:\Program Files\Java\jdk-19\bin\javaw.exe
0x00007ffbd3840000 - 0x00007ffbd3a49000 	C:\WINDOWS\SYSTEM32\ntdll.dll
0x00007ffbd3420000 - 0x00007ffbd34de000 	C:\WINDOWS\System32\KERNEL32.DLL
0x00007ffbd1250000 - 0x00007ffbd15cc000 	C:\WINDOWS\System32\KERNELBASE.dll
0x00007ffbd1070000 - 0x00007ffbd1181000 	C:\WINDOWS\System32\ucrtbase.dll
0x00007ffbbaf70000 - 0x00007ffbbaf8b000 	C:\Program Files\Java\jdk-19\bin\VCRUNTIME140.dll
0x00007ffbcdf60000 - 0x00007ffbcdf78000 	C:\Program Files\Java\jdk-19\bin\jli.dll
0x00007ffbd2170000 - 0x00007ffbd221e000 	C:\WINDOWS\System32\ADVAPI32.dll
0x00007ffbd2c90000 - 0x00007ffbd2d33000 	C:\WINDOWS\System32\msvcrt.dll
0x00007ffbd3300000 - 0x00007ffbd339e000 	C:\WINDOWS\System32\sechost.dll
0x00007ffbd1f60000 - 0x00007ffbd2080000 	C:\WINDOWS\System32\RPCRT4.dll
0x00007ffbd3650000 - 0x00007ffbd37fd000 	C:\WINDOWS\System32\USER32.dll
0x00007ffbd0db0000 - 0x00007ffbd0dd6000 	C:\WINDOWS\System32\win32u.dll
0x00007ffbd2220000 - 0x00007ffbd2249000 	C:\WINDOWS\System32\GDI32.dll
0x00007ffbb0cd0000 - 0x00007ffbb0f75000 	C:\WINDOWS\WinSxS\amd64_microsoft.windows.common-controls_6595b64144ccf1df_6.0.22000.120_none_9d947278b86cc467\COMCTL32.dll
0x00007ffbd0f50000 - 0x00007ffbd1068000 	C:\WINDOWS\System32\gdi32full.dll
0x00007ffbd0d10000 - 0x00007ffbd0dad000 	C:\WINDOWS\System32\msvcp_win.dll
0x00007ffbcab50000 - 0x00007ffbcab5a000 	C:\WINDOWS\SYSTEM32\VERSION.dll
0x00007ffbd2ab0000 - 0x00007ffbd2ae2000 	C:\WINDOWS\System32\IMM32.DLL
0x00007ffbc6020000 - 0x00007ffbc602c000 	C:\Program Files\Java\jdk-19\bin\vcruntime140_1.dll
0x00007ffba3350000 - 0x00007ffba33de000 	C:\Program Files\Java\jdk-19\bin\msvcp140.dll
0x00007ffb52ff0000 - 0x00007ffb53cb0000 	C:\Program Files\Java\jdk-19\bin\server\jvm.dll
0x00007ffbcb280000 - 0x00007ffbcb289000 	C:\WINDOWS\SYSTEM32\WSOCK32.dll
0x00007ffbd2100000 - 0x00007ffbd216f000 	C:\WINDOWS\System32\WS2_32.dll
0x00007ffbca4e0000 - 0x00007ffbca513000 	C:\WINDOWS\SYSTEM32\WINMM.dll
0x00007ffbcfd90000 - 0x00007ffbcfda8000 	C:\WINDOWS\SYSTEM32\kernel.appcore.dll
0x00007ffbc0de0000 - 0x00007ffbc0dea000 	C:\Program Files\Java\jdk-19\bin\jimage.dll
0x00007ffbce9e0000 - 0x00007ffbcec01000 	C:\WINDOWS\SYSTEM32\DBGHELP.DLL
0x00007ffbbde20000 - 0x00007ffbbde51000 	C:\WINDOWS\SYSTEM32\dbgcore.DLL
0x00007ffbd15d0000 - 0x00007ffbd164f000 	C:\WINDOWS\System32\bcryptPrimitives.dll
0x00007ffbba760000 - 0x00007ffbba786000 	C:\Program Files\Java\jdk-19\bin\java.dll
0x00007ffb8b2d0000 - 0x00007ffb8b3a7000 	C:\Program Files\Java\jdk-19\bin\jsvml.dll
0x00007ffbd16c0000 - 0x00007ffbd1e85000 	C:\WINDOWS\System32\SHELL32.dll
0x00007ffbcedd0000 - 0x00007ffbcf635000 	C:\WINDOWS\SYSTEM32\windows.storage.dll
0x00007ffbd2d40000 - 0x00007ffbd30b8000 	C:\WINDOWS\System32\combase.dll
0x00007ffbcec60000 - 0x00007ffbcedc6000 	C:\WINDOWS\SYSTEM32\wintypes.dll
0x00007ffbd3150000 - 0x00007ffbd323a000 	C:\WINDOWS\System32\SHCORE.dll
0x00007ffbd32a0000 - 0x00007ffbd32fd000 	C:\WINDOWS\System32\shlwapi.dll
0x00007ffbd0c40000 - 0x00007ffbd0c61000 	C:\WINDOWS\SYSTEM32\profapi.dll
0x00007ffb8aba0000 - 0x00007ffb8ad31000 	C:\Program Files\Java\jdk-19\bin\awt.dll
0x00007ffbd2370000 - 0x00007ffbd2446000 	C:\WINDOWS\System32\OLEAUT32.dll
0x00007ffbcde40000 - 0x00007ffbcded1000 	C:\WINDOWS\SYSTEM32\apphelp.dll
0x00007ffbce330000 - 0x00007ffbce35f000 	C:\WINDOWS\system32\DWMAPI.DLL
0x00007ffbcdff0000 - 0x00007ffbce09c000 	C:\WINDOWS\system32\uxtheme.dll
0x00007ffb97af0000 - 0x00007ffb97bf1000 	C:\WINDOWS\system32\opengl32.dll
0x00007ffb97a00000 - 0x00007ffb97a2d000 	C:\WINDOWS\SYSTEM32\GLU32.dll
0x00007ffbce0d0000 - 0x00007ffbce108000 	C:\WINDOWS\SYSTEM32\dxcore.dll
0x00007ffbd2250000 - 0x00007ffbd236d000 	C:\WINDOWS\System32\MSCTF.dll
0x00007ffbd2af0000 - 0x00007ffbd2c8a000 	C:\WINDOWS\System32\ole32.dll
0x00007ffbaed10000 - 0x00007ffbaed96000 	C:\Program Files\Java\jdk-19\bin\freetype.dll
0x00007ffb8a9c0000 - 0x00007ffb8aa86000 	C:\Program Files\Java\jdk-19\bin\fontmanager.dll
0x00007ffbade50000 - 0x00007ffbadf7d000 	C:\WINDOWS\SYSTEM32\textinputframework.dll
0x00007ffbbaef0000 - 0x00007ffbbaf03000 	C:\Program Files\Java\jdk-19\bin\net.dll
0x00007ffbca270000 - 0x00007ffbca384000 	C:\WINDOWS\SYSTEM32\WINHTTP.dll
0x00007ffbd0230000 - 0x00007ffbd0297000 	C:\WINDOWS\system32\mswsock.dll
0x00007ffbb8930000 - 0x00007ffbb8946000 	C:\Program Files\Java\jdk-19\bin\nio.dll
0x00007ffbcd6e0000 - 0x00007ffbcd811000 	C:\WINDOWS\SYSTEM32\CoreMessaging.dll
0x00007ffbcc190000 - 0x00007ffbcc4fd000 	C:\WINDOWS\SYSTEM32\CoreUIComponents.dll
0x00007ffbd0490000 - 0x00007ffbd049c000 	C:\WINDOWS\SYSTEM32\CRYPTBASE.DLL

dbghelp: loaded successfully - version: 4.0.5 - missing functions: none
symbol engine: initialized successfully - sym options: 0x614 - pdb path: .;C:\Program Files\Java\jdk-19\bin;C:\WINDOWS\SYSTEM32;C:\WINDOWS\WinSxS\amd64_microsoft.windows.common-controls_6595b64144ccf1df_6.0.22000.120_none_9d947278b86cc467;C:\Program Files\Java\jdk-19\bin\server

VM Arguments:
jvm_args: -Dfile.encoding=UTF-8 -XX:+ShowCodeDetailsInExceptionMessages 
java_command: SeleccionDeCambio.SeleccionDeConvertidor
java_class_path (initial): C:\Users\leiru\eclipse-workspace\CambioDeDivisasYMas\bin
Launcher Type: SUN_STANDARD

[Global flags]
     intx CICompilerCount                          = 4                                         {product} {ergonomic}
     uint ConcGCThreads                            = 2                                         {product} {ergonomic}
     uint G1ConcRefinementThreads                  = 8                                         {product} {ergonomic}
   size_t G1HeapRegionSize                         = 1048576                                   {product} {ergonomic}
    uintx GCDrainStackTargetSize                   = 64                                        {product} {ergonomic}
   size_t InitialHeapSize                          = 130023424                                 {product} {ergonomic}
   size_t MarkStackSize                            = 4194304                                   {product} {ergonomic}
   size_t MaxHeapSize                              = 2067791872                                {product} {ergonomic}
   size_t MaxNewSize                               = 1240465408                                {product} {ergonomic}
   size_t MinHeapDeltaBytes                        = 1048576                                   {product} {ergonomic}
   size_t MinHeapSize                              = 8388608                                   {product} {ergonomic}
    uintx NonNMethodCodeHeapSize                   = 5839372                                {pd product} {ergonomic}
    uintx NonProfiledCodeHeapSize                  = 122909434                              {pd product} {ergonomic}
    uintx ProfiledCodeHeapSize                     = 122909434                              {pd product} {ergonomic}
    uintx ReservedCodeCacheSize                    = 251658240                              {pd product} {ergonomic}
     bool SegmentedCodeCache                       = true                                      {product} {ergonomic}
     bool ShowCodeDetailsInExceptionMessages       = true                                   {manageable} {command line}
   size_t SoftMaxHeapSize                          = 2067791872                             {manageable} {ergonomic}
     bool UseCompressedClassPointers               = true                           {product lp64_product} {ergonomic}
     bool UseCompressedOops                        = true                           {product lp64_product} {ergonomic}
     bool UseG1GC                                  = true                                      {product} {ergonomic}
     bool UseLargePagesIndividualAllocation        = false                                  {pd product} {ergonomic}

Logging:
Log output configuration:
 #0: stdout all=warning uptime,level,tags foldmultilines=false
 #1: stderr all=off uptime,level,tags foldmultilines=false

Environment Variables:
PATH=C:\Program Files\Common Files\Oracle\Java\javapath;C:\Python311\Scripts\;C:\Python311\;C:\Program Files\Microsoft\jdk-11.0.12.7-hotspot\bin;C:\Python310\Scripts\;C:\Python310\;C:\WINDOWS\system32;C:\WINDOWS;C:\WINDOWS\System32\Wbem;C:\WINDOWS\System32\WindowsPowerShell\v1.0\;C:\WINDOWS\System32\OpenSSH\;C:\ProgramData\chocolatey\bin;C:\Program Files\Microsoft SQL Server\150\Tools\Binn\;C:\Program Files\Microsoft SQL Server\Client SDK\ODBC\170\Tools\Binn\;C:\Program Files\dotnet\;C:\go\bin;C:\composer;C:\Program Files\nodejs\;C:\Program Files\Git\cmd;C:\Users\leiru\AppData\Local\Microsoft\WindowsApps;C:\Users\leiru\.dotnet\tools;C:\Microsoft VS Code\bin;C:\Program Files\heroku\bin;C:\go\bin;C:\wamp64\bin\php\php5.6.40;C:\wamp64;C:\Users\leiru\AppData\Roaming\Composer\vendor\bin;C:\Users\leiru\AppData\Roaming\npm
USERNAME=leiru
OS=Windows_NT
PROCESSOR_IDENTIFIER=Intel64 Family 6 Model 126 Stepping 5, GenuineIntel
TMP=C:\Users\leiru\AppData\Local\Temp
TEMP=C:\Users\leiru\AppData\Local\Temp



---------------  S Y S T E M  ---------------

OS:
 Windows 11 , 64 bit Build 22000 (10.0.22000.1516)
OS uptime: 5 days 19:54 hours

CPU: total 8 (initial active 8) (4 cores per cpu, 2 threads per core) family 6 model 126 stepping 5 microcode 0xa8, cx8, cmov, fxsr, ht, mmx, 3dnowpref, sse, sse2, sse3, ssse3, sse4.1, sse4.2, popcnt, lzcnt, tsc, tscinvbit, avx, avx2, aes, erms, clmul, bmi1, bmi2, adx, avx512f, avx512dq, avx512cd, avx512bw, avx512vl, sha, fma, vzeroupper, avx512_vpopcntdq, avx512_vpclmulqdq, avx512_vaes, avx512_vnni, clflush, clflushopt, avx512_vbmi2, avx512_vbmi, rdtscp, rdpid, fsrm, gfni, avx512_bitalg

Memory: 4k page, system-wide physical 7880M (512M free)
TotalPageFile size 32456M (AvailPageFile size 3M)
current process WorkingSet (physical memory assigned to process): 73M, peak: 73M
current process commit charge ("private bytes"): 226M, peak: 226M

vm_info: Java HotSpot(TM) 64-Bit Server VM (19.0.2+7-44) for windows-amd64 JRE (19.0.2+7-44), built on 2022-11-30T18:02:09Z by "mach5one" with MS VC++ 17.1 (VS2022)

END.
