#
# There is insufficient memory for the Java Runtime Environment to continue.
# Native memory allocation (malloc) failed to allocate 35984 bytes for Chunk::new
# Possible reasons:
#   The system is out of physical RAM or swap space
#   The process is running with CompressedOops enabled, and the Java Heap may be blocking the growth of the native heap
# Possible solutions:
#   Reduce memory load on the system
#   Increase physical memory or swap space
#   Check if swap backing store is full
#   Decrease Java heap size (-Xmx/-Xms)
#   Decrease number of Java threads
#   Decrease Java thread stack sizes (-Xss)
#   Set larger code cache with -XX:ReservedCodeCacheSize=
#   JVM is running with Unscaled Compressed Oops mode in which the Java heap is
#     placed in the first 4GB address space. The Java Heap base address is the
#     maximum limit for the native heap growth. Please use -XX:HeapBaseMinAddress
#     to set the Java Heap base and to place the Java Heap above 4GB virtual address.
# This output file may be truncated or incomplete.
#
#  Out of Memory Error (arena.cpp:184), pid=40008, tid=40284
#
# JRE version: Java(TM) SE Runtime Environment (19.0.2+7) (build 19.0.2+7-44)
# Java VM: Java HotSpot(TM) 64-Bit Server VM (19.0.2+7-44, mixed mode, sharing, tiered, compressed oops, compressed class ptrs, g1 gc, windows-amd64)
# No core dump will be written. Minidumps are not enabled by default on client versions of Windows
#

---------------  S U M M A R Y ------------

Command Line: -Dfile.encoding=UTF-8 -XX:+ShowCodeDetailsInExceptionMessages SeleccionDeCambio.SeleccionDeConvertidor

Host: Intel(R) Core(TM) i7-1065G7 CPU @ 1.30GHz, 8 cores, 7G,  Windows 11 , 64 bit Build 22000 (10.0.22000.1516)
Time: Sun Feb 26 19:56:20 2023 Hora estándar central (México) elapsed time: 0.121560 seconds (0d 0h 0m 0s)

---------------  T H R E A D  ---------------

Current thread (0x00000236b80dbc40):  JavaThread "main" [_thread_in_vm, id=40284, stack(0x000000acd6300000,0x000000acd6400000)]

Stack: [0x000000acd6300000,0x000000acd6400000]
Native frames: (J=compiled Java code, j=interpreted, Vv=VM code, C=native code)
V  [jvm.dll+0x6ee21a]
V  [jvm.dll+0x85765e]
V  [jvm.dll+0x85904e]
V  [jvm.dll+0x859703]
V  [jvm.dll+0x28298f]
V  [jvm.dll+0xc9adf]
V  [jvm.dll+0xc9e65]
V  [jvm.dll+0x226848]
V  [jvm.dll+0x225686]
V  [jvm.dll+0x7cc802]
V  [jvm.dll+0x7cdc4a]
V  [jvm.dll+0x7cdf78]
V  [jvm.dll+0x271e1b]
V  [jvm.dll+0x3da25e]
C  0x00000236c75adc07

Java frames: (J=compiled Java code, j=interpreted, Vv=VM code)
j  java.awt.Font.<clinit>()V+16 java.desktop@19.0.2
v  ~StubRoutines::call_stub 0x00000236c75810e8
j  sun.awt.windows.WComponentPeer.<clinit>()V+27 java.desktop@19.0.2
v  ~StubRoutines::call_stub 0x00000236c75810e8
j  java.awt.Component.initIDs()V+0 java.desktop@19.0.2
j  java.awt.Component.<clinit>()V+102 java.desktop@19.0.2
v  ~StubRoutines::call_stub 0x00000236c75810e8

---------------  P R O C E S S  ---------------

Threads class SMR info:
_java_thread_list=0x00000236da9f2cc0, length=12, elements={
0x00000236b80dbc40, 0x00000236d66d4c70, 0x00000236d66d7d50, 0x00000236d66d9f20,
0x00000236d66dabc0, 0x00000236d66dbd80, 0x00000236d66dcf40, 0x00000236d66ea890,
0x00000236d66ee8a0, 0x00000236d66fde00, 0x00000236daa0df70, 0x00000236daa0ea10
}

Java Threads: ( => current thread )
=>0x00000236b80dbc40 JavaThread "main" [_thread_in_vm, id=40284, stack(0x000000acd6300000,0x000000acd6400000)]
  0x00000236d66d4c70 JavaThread "Reference Handler" daemon [_thread_blocked, id=17576, stack(0x000000acd6a00000,0x000000acd6b00000)]
  0x00000236d66d7d50 JavaThread "Finalizer" daemon [_thread_blocked, id=9504, stack(0x000000acd6b00000,0x000000acd6c00000)]
  0x00000236d66d9f20 JavaThread "Signal Dispatcher" daemon [_thread_blocked, id=20404, stack(0x000000acd6c00000,0x000000acd6d00000)]
  0x00000236d66dabc0 JavaThread "Attach Listener" daemon [_thread_blocked, id=39900, stack(0x000000acd6d00000,0x000000acd6e00000)]
  0x00000236d66dbd80 JavaThread "Service Thread" daemon [_thread_blocked, id=31868, stack(0x000000acd6e00000,0x000000acd6f00000)]
  0x00000236d66dcf40 JavaThread "Monitor Deflation Thread" daemon [_thread_blocked, id=36896, stack(0x000000acd6f00000,0x000000acd7000000)]
  0x00000236d66ea890 JavaThread "C2 CompilerThread0" daemon [_thread_blocked, id=33260, stack(0x000000acd7000000,0x000000acd7100000)]
  0x00000236d66ee8a0 JavaThread "C1 CompilerThread0" daemon [_thread_blocked, id=13156, stack(0x000000acd7100000,0x000000acd7200000)]
  0x00000236d66fde00 JavaThread "Sweeper thread" daemon [_thread_blocked, id=39632, stack(0x000000acd7200000,0x000000acd7300000)]
  0x00000236daa0df70 JavaThread "Notification Thread" daemon [_thread_blocked, id=8984, stack(0x000000acd7300000,0x000000acd7400000)]
  0x00000236daa0ea10 JavaThread "Common-Cleaner" daemon [_thread_blocked, id=34288, stack(0x000000acd7500000,0x000000acd7600000)]

Other Threads:
  0x00000236d66b9820 VMThread "VM Thread" [stack: 0x000000acd6900000,0x000000acd6a00000] [id=16644]
  0x00000236daa16560 WatcherThread "VM Periodic Task Thread" [stack: 0x000000acd7400000,0x000000acd7500000] [id=39076]
  0x00000236b813c4b0 WorkerThread "GC Thread#0" [stack: 0x000000acd6400000,0x000000acd6500000] [id=37960]
  0x00000236b814d530 ConcurrentGCThread "G1 Main Marker" [stack: 0x000000acd6500000,0x000000acd6600000] [id=4320]
  0x00000236b814ee10 WorkerThread "G1 Conc#0" [stack: 0x000000acd6600000,0x000000acd6700000] [id=41672]
  0x00000236d65764e0 ConcurrentGCThread "G1 Refine#0" [stack: 0x000000acd6700000,0x000000acd6800000] [id=7452]
  0x00000236b81ad860 ConcurrentGCThread "G1 Service" [stack: 0x000000acd6800000,0x000000acd6900000] [id=12628]

Threads with active compile tasks:

VM state: not at safepoint (normal execution)

VM Mutex/Monitor currently owned by a thread: None

Heap address: 0x0000000084c00000, size: 1972 MB, Compressed Oops mode: 32-bit

CDS archive(s) mapped at: [0x0000000800000000-0x0000000800c40000-0x0000000800c40000), size 12845056, SharedBaseAddress: 0x0000000800000000, ArchiveRelocationMode: 0.
Compressed class space mapped at: 0x0000000801000000-0x0000000841000000, reserved size: 1073741824
Narrow klass base: 0x0000000800000000, Narrow klass shift: 0, Narrow klass range: 0x100000000

GC Precious Log:
 CardTable entry size: 512
 Card Set container configuration: InlinePtr #cards 5 size 8 Array Of Cards #cards 12 size 40 Howl #buckets 4 coarsen threshold 1843 Howl Bitmap #cards 512 size 80 coarsen threshold 460 Card regions per heap region 1 cards per card region 2048
 CPUs: 8 total, 8 available
 Memory: 7880M
 Large Page Support: Disabled
 NUMA Support: Disabled
 Compressed Oops: Enabled (32-bit)
 Heap Region Size: 1M
 Heap Min Capacity: 8M
 Heap Initial Capacity: 124M
 Heap Max Capacity: 1972M
 Pre-touch: Disabled
 Parallel Workers: 8
 Concurrent Workers: 2
 Concurrent Refinement Workers: 8
 Periodic GC: Disabled

Heap:
 garbage-first heap   total 126976K, used 2048K [0x0000000084c00000, 0x0000000100000000)
  region size 1024K, 3 young (3072K), 0 survivors (0K)
 Metaspace       used 1212K, committed 1344K, reserved 1114112K
  class space    used 99K, committed 192K, reserved 1048576K

Heap Regions: E=young(eden), S=young(survivor), O=old, HS=humongous(starts), HC=humongous(continues), CS=collection set, F=free, OA=open archive, CA=closed archive, TAMS=top-at-mark-start (previous, next)
|   0|0x0000000084c00000, 0x0000000084c00000, 0x0000000084d00000|  0%| F|  |TAMS 0x0000000084c00000, 0x0000000084c00000| Untracked 
|   1|0x0000000084d00000, 0x0000000084d00000, 0x0000000084e00000|  0%| F|  |TAMS 0x0000000084d00000, 0x0000000084d00000| Untracked 
|   2|0x0000000084e00000, 0x0000000084e00000, 0x0000000084f00000|  0%| F|  |TAMS 0x0000000084e00000, 0x0000000084e00000| Untracked 
|   3|0x0000000084f00000, 0x0000000084f00000, 0x0000000085000000|  0%| F|  |TAMS 0x0000000084f00000, 0x0000000084f00000| Untracked 
|   4|0x0000000085000000, 0x0000000085000000, 0x0000000085100000|  0%| F|  |TAMS 0x0000000085000000, 0x0000000085000000| Untracked 
|   5|0x0000000085100000, 0x0000000085100000, 0x0000000085200000|  0%| F|  |TAMS 0x0000000085100000, 0x0000000085100000| Untracked 
|   6|0x0000000085200000, 0x0000000085200000, 0x0000000085300000|  0%| F|  |TAMS 0x0000000085200000, 0x0000000085200000| Untracked 
|   7|0x0000000085300000, 0x0000000085300000, 0x0000000085400000|  0%| F|  |TAMS 0x0000000085300000, 0x0000000085300000| Untracked 
|   8|0x0000000085400000, 0x0000000085400000, 0x0000000085500000|  0%| F|  |TAMS 0x0000000085400000, 0x0000000085400000| Untracked 
|   9|0x0000000085500000, 0x0000000085500000, 0x0000000085600000|  0%| F|  |TAMS 0x0000000085500000, 0x0000000085500000| Untracked 
|  10|0x0000000085600000, 0x0000000085600000, 0x0000000085700000|  0%| F|  |TAMS 0x0000000085600000, 0x0000000085600000| Untracked 
|  11|0x0000000085700000, 0x0000000085700000, 0x0000000085800000|  0%| F|  |TAMS 0x0000000085700000, 0x0000000085700000| Untracked 
|  12|0x0000000085800000, 0x0000000085800000, 0x0000000085900000|  0%| F|  |TAMS 0x0000000085800000, 0x0000000085800000| Untracked 
|  13|0x0000000085900000, 0x0000000085900000, 0x0000000085a00000|  0%| F|  |TAMS 0x0000000085900000, 0x0000000085900000| Untracked 
|  14|0x0000000085a00000, 0x0000000085a00000, 0x0000000085b00000|  0%| F|  |TAMS 0x0000000085a00000, 0x0000000085a00000| Untracked 
|  15|0x0000000085b00000, 0x0000000085b00000, 0x0000000085c00000|  0%| F|  |TAMS 0x0000000085b00000, 0x0000000085b00000| Untracked 
|  16|0x0000000085c00000, 0x0000000085c00000, 0x0000000085d00000|  0%| F|  |TAMS 0x0000000085c00000, 0x0000000085c00000| Untracked 
|  17|0x0000000085d00000, 0x0000000085d00000, 0x0000000085e00000|  0%| F|  |TAMS 0x0000000085d00000, 0x0000000085d00000| Untracked 
|  18|0x0000000085e00000, 0x0000000085e00000, 0x0000000085f00000|  0%| F|  |TAMS 0x0000000085e00000, 0x0000000085e00000| Untracked 
|  19|0x0000000085f00000, 0x0000000085f00000, 0x0000000086000000|  0%| F|  |TAMS 0x0000000085f00000, 0x0000000085f00000| Untracked 
|  20|0x0000000086000000, 0x0000000086000000, 0x0000000086100000|  0%| F|  |TAMS 0x0000000086000000, 0x0000000086000000| Untracked 
|  21|0x0000000086100000, 0x0000000086100000, 0x0000000086200000|  0%| F|  |TAMS 0x0000000086100000, 0x0000000086100000| Untracked 
|  22|0x0000000086200000, 0x0000000086200000, 0x0000000086300000|  0%| F|  |TAMS 0x0000000086200000, 0x0000000086200000| Untracked 
|  23|0x0000000086300000, 0x0000000086300000, 0x0000000086400000|  0%| F|  |TAMS 0x0000000086300000, 0x0000000086300000| Untracked 
|  24|0x0000000086400000, 0x0000000086400000, 0x0000000086500000|  0%| F|  |TAMS 0x0000000086400000, 0x0000000086400000| Untracked 
|  25|0x0000000086500000, 0x0000000086500000, 0x0000000086600000|  0%| F|  |TAMS 0x0000000086500000, 0x0000000086500000| Untracked 
|  26|0x0000000086600000, 0x0000000086600000, 0x0000000086700000|  0%| F|  |TAMS 0x0000000086600000, 0x0000000086600000| Untracked 
|  27|0x0000000086700000, 0x0000000086700000, 0x0000000086800000|  0%| F|  |TAMS 0x0000000086700000, 0x0000000086700000| Untracked 
|  28|0x0000000086800000, 0x0000000086800000, 0x0000000086900000|  0%| F|  |TAMS 0x0000000086800000, 0x0000000086800000| Untracked 
|  29|0x0000000086900000, 0x0000000086900000, 0x0000000086a00000|  0%| F|  |TAMS 0x0000000086900000, 0x0000000086900000| Untracked 
|  30|0x0000000086a00000, 0x0000000086a00000, 0x0000000086b00000|  0%| F|  |TAMS 0x0000000086a00000, 0x0000000086a00000| Untracked 
|  31|0x0000000086b00000, 0x0000000086b00000, 0x0000000086c00000|  0%| F|  |TAMS 0x0000000086b00000, 0x0000000086b00000| Untracked 
|  32|0x0000000086c00000, 0x0000000086c00000, 0x0000000086d00000|  0%| F|  |TAMS 0x0000000086c00000, 0x0000000086c00000| Untracked 
|  33|0x0000000086d00000, 0x0000000086d00000, 0x0000000086e00000|  0%| F|  |TAMS 0x0000000086d00000, 0x0000000086d00000| Untracked 
|  34|0x0000000086e00000, 0x0000000086e00000, 0x0000000086f00000|  0%| F|  |TAMS 0x0000000086e00000, 0x0000000086e00000| Untracked 
|  35|0x0000000086f00000, 0x0000000086f00000, 0x0000000087000000|  0%| F|  |TAMS 0x0000000086f00000, 0x0000000086f00000| Untracked 
|  36|0x0000000087000000, 0x0000000087000000, 0x0000000087100000|  0%| F|  |TAMS 0x0000000087000000, 0x0000000087000000| Untracked 
|  37|0x0000000087100000, 0x0000000087100000, 0x0000000087200000|  0%| F|  |TAMS 0x0000000087100000, 0x0000000087100000| Untracked 
|  38|0x0000000087200000, 0x0000000087200000, 0x0000000087300000|  0%| F|  |TAMS 0x0000000087200000, 0x0000000087200000| Untracked 
|  39|0x0000000087300000, 0x0000000087300000, 0x0000000087400000|  0%| F|  |TAMS 0x0000000087300000, 0x0000000087300000| Untracked 
|  40|0x0000000087400000, 0x0000000087400000, 0x0000000087500000|  0%| F|  |TAMS 0x0000000087400000, 0x0000000087400000| Untracked 
|  41|0x0000000087500000, 0x0000000087500000, 0x0000000087600000|  0%| F|  |TAMS 0x0000000087500000, 0x0000000087500000| Untracked 
|  42|0x0000000087600000, 0x0000000087600000, 0x0000000087700000|  0%| F|  |TAMS 0x0000000087600000, 0x0000000087600000| Untracked 
|  43|0x0000000087700000, 0x0000000087700000, 0x0000000087800000|  0%| F|  |TAMS 0x0000000087700000, 0x0000000087700000| Untracked 
|  44|0x0000000087800000, 0x0000000087800000, 0x0000000087900000|  0%| F|  |TAMS 0x0000000087800000, 0x0000000087800000| Untracked 
|  45|0x0000000087900000, 0x0000000087900000, 0x0000000087a00000|  0%| F|  |TAMS 0x0000000087900000, 0x0000000087900000| Untracked 
|  46|0x0000000087a00000, 0x0000000087a00000, 0x0000000087b00000|  0%| F|  |TAMS 0x0000000087a00000, 0x0000000087a00000| Untracked 
|  47|0x0000000087b00000, 0x0000000087b00000, 0x0000000087c00000|  0%| F|  |TAMS 0x0000000087b00000, 0x0000000087b00000| Untracked 
|  48|0x0000000087c00000, 0x0000000087c00000, 0x0000000087d00000|  0%| F|  |TAMS 0x0000000087c00000, 0x0000000087c00000| Untracked 
|  49|0x0000000087d00000, 0x0000000087d00000, 0x0000000087e00000|  0%| F|  |TAMS 0x0000000087d00000, 0x0000000087d00000| Untracked 
|  50|0x0000000087e00000, 0x0000000087e00000, 0x0000000087f00000|  0%| F|  |TAMS 0x0000000087e00000, 0x0000000087e00000| Untracked 
|  51|0x0000000087f00000, 0x0000000087f00000, 0x0000000088000000|  0%| F|  |TAMS 0x0000000087f00000, 0x0000000087f00000| Untracked 
|  52|0x0000000088000000, 0x0000000088000000, 0x0000000088100000|  0%| F|  |TAMS 0x0000000088000000, 0x0000000088000000| Untracked 
|  53|0x0000000088100000, 0x0000000088100000, 0x0000000088200000|  0%| F|  |TAMS 0x0000000088100000, 0x0000000088100000| Untracked 
|  54|0x0000000088200000, 0x0000000088200000, 0x0000000088300000|  0%| F|  |TAMS 0x0000000088200000, 0x0000000088200000| Untracked 
|  55|0x0000000088300000, 0x0000000088300000, 0x0000000088400000|  0%| F|  |TAMS 0x0000000088300000, 0x0000000088300000| Untracked 
|  56|0x0000000088400000, 0x0000000088400000, 0x0000000088500000|  0%| F|  |TAMS 0x0000000088400000, 0x0000000088400000| Untracked 
|  57|0x0000000088500000, 0x0000000088500000, 0x0000000088600000|  0%| F|  |TAMS 0x0000000088500000, 0x0000000088500000| Untracked 
|  58|0x0000000088600000, 0x0000000088600000, 0x0000000088700000|  0%| F|  |TAMS 0x0000000088600000, 0x0000000088600000| Untracked 
|  59|0x0000000088700000, 0x0000000088700000, 0x0000000088800000|  0%| F|  |TAMS 0x0000000088700000, 0x0000000088700000| Untracked 
|  60|0x0000000088800000, 0x0000000088800000, 0x0000000088900000|  0%| F|  |TAMS 0x0000000088800000, 0x0000000088800000| Untracked 
|  61|0x0000000088900000, 0x0000000088900000, 0x0000000088a00000|  0%| F|  |TAMS 0x0000000088900000, 0x0000000088900000| Untracked 
|  62|0x0000000088a00000, 0x0000000088a00000, 0x0000000088b00000|  0%| F|  |TAMS 0x0000000088a00000, 0x0000000088a00000| Untracked 
|  63|0x0000000088b00000, 0x0000000088b00000, 0x0000000088c00000|  0%| F|  |TAMS 0x0000000088b00000, 0x0000000088b00000| Untracked 
|  64|0x0000000088c00000, 0x0000000088c00000, 0x0000000088d00000|  0%| F|  |TAMS 0x0000000088c00000, 0x0000000088c00000| Untracked 
|  65|0x0000000088d00000, 0x0000000088d00000, 0x0000000088e00000|  0%| F|  |TAMS 0x0000000088d00000, 0x0000000088d00000| Untracked 
|  66|0x0000000088e00000, 0x0000000088e00000, 0x0000000088f00000|  0%| F|  |TAMS 0x0000000088e00000, 0x0000000088e00000| Untracked 
|  67|0x0000000088f00000, 0x0000000088f00000, 0x0000000089000000|  0%| F|  |TAMS 0x0000000088f00000, 0x0000000088f00000| Untracked 
|  68|0x0000000089000000, 0x0000000089000000, 0x0000000089100000|  0%| F|  |TAMS 0x0000000089000000, 0x0000000089000000| Untracked 
|  69|0x0000000089100000, 0x0000000089100000, 0x0000000089200000|  0%| F|  |TAMS 0x0000000089100000, 0x0000000089100000| Untracked 
|  70|0x0000000089200000, 0x0000000089200000, 0x0000000089300000|  0%| F|  |TAMS 0x0000000089200000, 0x0000000089200000| Untracked 
|  71|0x0000000089300000, 0x0000000089300000, 0x0000000089400000|  0%| F|  |TAMS 0x0000000089300000, 0x0000000089300000| Untracked 
|  72|0x0000000089400000, 0x0000000089400000, 0x0000000089500000|  0%| F|  |TAMS 0x0000000089400000, 0x0000000089400000| Untracked 
|  73|0x0000000089500000, 0x0000000089500000, 0x0000000089600000|  0%| F|  |TAMS 0x0000000089500000, 0x0000000089500000| Untracked 
|  74|0x0000000089600000, 0x0000000089600000, 0x0000000089700000|  0%| F|  |TAMS 0x0000000089600000, 0x0000000089600000| Untracked 
|  75|0x0000000089700000, 0x0000000089700000, 0x0000000089800000|  0%| F|  |TAMS 0x0000000089700000, 0x0000000089700000| Untracked 
|  76|0x0000000089800000, 0x0000000089800000, 0x0000000089900000|  0%| F|  |TAMS 0x0000000089800000, 0x0000000089800000| Untracked 
|  77|0x0000000089900000, 0x0000000089900000, 0x0000000089a00000|  0%| F|  |TAMS 0x0000000089900000, 0x0000000089900000| Untracked 
|  78|0x0000000089a00000, 0x0000000089a00000, 0x0000000089b00000|  0%| F|  |TAMS 0x0000000089a00000, 0x0000000089a00000| Untracked 
|  79|0x0000000089b00000, 0x0000000089b00000, 0x0000000089c00000|  0%| F|  |TAMS 0x0000000089b00000, 0x0000000089b00000| Untracked 
|  80|0x0000000089c00000, 0x0000000089c00000, 0x0000000089d00000|  0%| F|  |TAMS 0x0000000089c00000, 0x0000000089c00000| Untracked 
|  81|0x0000000089d00000, 0x0000000089d00000, 0x0000000089e00000|  0%| F|  |TAMS 0x0000000089d00000, 0x0000000089d00000| Untracked 
|  82|0x0000000089e00000, 0x0000000089e00000, 0x0000000089f00000|  0%| F|  |TAMS 0x0000000089e00000, 0x0000000089e00000| Untracked 
|  83|0x0000000089f00000, 0x0000000089f00000, 0x000000008a000000|  0%| F|  |TAMS 0x0000000089f00000, 0x0000000089f00000| Untracked 
|  84|0x000000008a000000, 0x000000008a000000, 0x000000008a100000|  0%| F|  |TAMS 0x000000008a000000, 0x000000008a000000| Untracked 
|  85|0x000000008a100000, 0x000000008a100000, 0x000000008a200000|  0%| F|  |TAMS 0x000000008a100000, 0x000000008a100000| Untracked 
|  86|0x000000008a200000, 0x000000008a200000, 0x000000008a300000|  0%| F|  |TAMS 0x000000008a200000, 0x000000008a200000| Untracked 
|  87|0x000000008a300000, 0x000000008a300000, 0x000000008a400000|  0%| F|  |TAMS 0x000000008a300000, 0x000000008a300000| Untracked 
|  88|0x000000008a400000, 0x000000008a400000, 0x000000008a500000|  0%| F|  |TAMS 0x000000008a400000, 0x000000008a400000| Untracked 
|  89|0x000000008a500000, 0x000000008a500000, 0x000000008a600000|  0%| F|  |TAMS 0x000000008a500000, 0x000000008a500000| Untracked 
|  90|0x000000008a600000, 0x000000008a600000, 0x000000008a700000|  0%| F|  |TAMS 0x000000008a600000, 0x000000008a600000| Untracked 
|  91|0x000000008a700000, 0x000000008a700000, 0x000000008a800000|  0%| F|  |TAMS 0x000000008a700000, 0x000000008a700000| Untracked 
|  92|0x000000008a800000, 0x000000008a800000, 0x000000008a900000|  0%| F|  |TAMS 0x000000008a800000, 0x000000008a800000| Untracked 
|  93|0x000000008a900000, 0x000000008a900000, 0x000000008aa00000|  0%| F|  |TAMS 0x000000008a900000, 0x000000008a900000| Untracked 
|  94|0x000000008aa00000, 0x000000008aa00000, 0x000000008ab00000|  0%| F|  |TAMS 0x000000008aa00000, 0x000000008aa00000| Untracked 
|  95|0x000000008ab00000, 0x000000008ab00000, 0x000000008ac00000|  0%| F|  |TAMS 0x000000008ab00000, 0x000000008ab00000| Untracked 
|  96|0x000000008ac00000, 0x000000008ac00000, 0x000000008ad00000|  0%| F|  |TAMS 0x000000008ac00000, 0x000000008ac00000| Untracked 
|  97|0x000000008ad00000, 0x000000008ad00000, 0x000000008ae00000|  0%| F|  |TAMS 0x000000008ad00000, 0x000000008ad00000| Untracked 
|  98|0x000000008ae00000, 0x000000008ae00000, 0x000000008af00000|  0%| F|  |TAMS 0x000000008ae00000, 0x000000008ae00000| Untracked 
|  99|0x000000008af00000, 0x000000008af00000, 0x000000008b000000|  0%| F|  |TAMS 0x000000008af00000, 0x000000008af00000| Untracked 
| 100|0x000000008b000000, 0x000000008b000000, 0x000000008b100000|  0%| F|  |TAMS 0x000000008b000000, 0x000000008b000000| Untracked 
| 101|0x000000008b100000, 0x000000008b100000, 0x000000008b200000|  0%| F|  |TAMS 0x000000008b100000, 0x000000008b100000| Untracked 
| 102|0x000000008b200000, 0x000000008b200000, 0x000000008b300000|  0%| F|  |TAMS 0x000000008b200000, 0x000000008b200000| Untracked 
| 103|0x000000008b300000, 0x000000008b300000, 0x000000008b400000|  0%| F|  |TAMS 0x000000008b300000, 0x000000008b300000| Untracked 
| 104|0x000000008b400000, 0x000000008b400000, 0x000000008b500000|  0%| F|  |TAMS 0x000000008b400000, 0x000000008b400000| Untracked 
| 105|0x000000008b500000, 0x000000008b500000, 0x000000008b600000|  0%| F|  |TAMS 0x000000008b500000, 0x000000008b500000| Untracked 
| 106|0x000000008b600000, 0x000000008b600000, 0x000000008b700000|  0%| F|  |TAMS 0x000000008b600000, 0x000000008b600000| Untracked 
| 107|0x000000008b700000, 0x000000008b700000, 0x000000008b800000|  0%| F|  |TAMS 0x000000008b700000, 0x000000008b700000| Untracked 
| 108|0x000000008b800000, 0x000000008b800000, 0x000000008b900000|  0%| F|  |TAMS 0x000000008b800000, 0x000000008b800000| Untracked 
| 109|0x000000008b900000, 0x000000008b900000, 0x000000008ba00000|  0%| F|  |TAMS 0x000000008b900000, 0x000000008b900000| Untracked 
| 110|0x000000008ba00000, 0x000000008ba00000, 0x000000008bb00000|  0%| F|  |TAMS 0x000000008ba00000, 0x000000008ba00000| Untracked 
| 111|0x000000008bb00000, 0x000000008bb00000, 0x000000008bc00000|  0%| F|  |TAMS 0x000000008bb00000, 0x000000008bb00000| Untracked 
| 112|0x000000008bc00000, 0x000000008bc00000, 0x000000008bd00000|  0%| F|  |TAMS 0x000000008bc00000, 0x000000008bc00000| Untracked 
| 113|0x000000008bd00000, 0x000000008bd00000, 0x000000008be00000|  0%| F|  |TAMS 0x000000008bd00000, 0x000000008bd00000| Untracked 
| 114|0x000000008be00000, 0x000000008be00000, 0x000000008bf00000|  0%| F|  |TAMS 0x000000008be00000, 0x000000008be00000| Untracked 
| 115|0x000000008bf00000, 0x000000008bf00000, 0x000000008c000000|  0%| F|  |TAMS 0x000000008bf00000, 0x000000008bf00000| Untracked 
| 116|0x000000008c000000, 0x000000008c000000, 0x000000008c100000|  0%| F|  |TAMS 0x000000008c000000, 0x000000008c000000| Untracked 
| 117|0x000000008c100000, 0x000000008c100000, 0x000000008c200000|  0%| F|  |TAMS 0x000000008c100000, 0x000000008c100000| Untracked 
| 118|0x000000008c200000, 0x000000008c200000, 0x000000008c300000|  0%| F|  |TAMS 0x000000008c200000, 0x000000008c200000| Untracked 
| 119|0x000000008c300000, 0x000000008c300000, 0x000000008c400000|  0%| F|  |TAMS 0x000000008c300000, 0x000000008c300000| Untracked 
| 120|0x000000008c400000, 0x000000008c400000, 0x000000008c500000|  0%| F|  |TAMS 0x000000008c400000, 0x000000008c400000| Untracked 
| 121|0x000000008c500000, 0x000000008c576460, 0x000000008c600000| 46%| E|  |TAMS 0x000000008c500000, 0x000000008c500000| Complete 
| 122|0x000000008c600000, 0x000000008c700000, 0x000000008c700000|100%| E|CS|TAMS 0x000000008c600000, 0x000000008c600000| Complete 
| 123|0x000000008c700000, 0x000000008c800000, 0x000000008c800000|100%| E|CS|TAMS 0x000000008c700000, 0x000000008c700000| Complete 

Card table byte_map: [0x00000236cf760000,0x00000236cfb40000] _byte_map_base: 0x00000236cf33a000

Marking Bits (Prev, Next): (CMBitMap*) 0x00000236b813cae0, (CMBitMap*) 0x00000236b813cb20
 Prev Bits: [0x00000236cff20000, 0x00000236d1df0000)
 Next Bits: [0x00000236d1df0000, 0x00000236d3cc0000)

Polling page: 0x00000236b78b0000

Metaspace:

Usage:
  Non-class:      1.09 MB used.
      Class:     99.80 KB used.
       Both:      1.18 MB used.

Virtual space:
  Non-class space:       64.00 MB reserved,       1.12 MB (  2%) committed,  1 nodes.
      Class space:        1.00 GB reserved,     192.00 KB ( <1%) committed,  1 nodes.
             Both:        1.06 GB reserved,       1.31 MB ( <1%) committed. 

Chunk freelists:
   Non-Class:  3.94 MB
       Class:  3.71 MB
        Both:  7.65 MB

MaxMetaspaceSize: unlimited
CompressedClassSpaceSize: 1.00 GB
Initial GC threshold: 21.00 MB
Current GC threshold: 21.00 MB
CDS: on
MetaspaceReclaimPolicy: balanced
 - commit_granule_bytes: 65536.
 - commit_granule_words: 8192.
 - virtual_space_node_default_size: 8388608.
 - enlarge_chunks_in_place: 1.
 - new_chunks_are_fully_committed: 0.
 - uncommit_free_chunks: 1.
 - use_allocation_guard: 0.


Internal statistics:

num_allocs_failed_limit: 0.
num_arena_births: 58.
num_arena_deaths: 0.
num_vsnodes_births: 2.
num_vsnodes_deaths: 0.
num_space_committed: 21.
num_space_uncommitted: 0.
num_chunks_returned_to_freelist: 0.
num_chunks_taken_from_freelist: 59.
num_chunk_merges: 0.
num_chunk_splits: 42.
num_chunks_enlarged: 28.
num_inconsistent_stats: 0.

CodeHeap 'non-profiled nmethods': size=120000Kb used=76Kb max_used=76Kb free=119923Kb
 bounds [0x00000236c7b20000, 0x00000236c7d90000, 0x00000236cf050000]
CodeHeap 'profiled nmethods': size=120000Kb used=267Kb max_used=267Kb free=119732Kb
 bounds [0x00000236c0050000, 0x00000236c02c0000, 0x00000236c7580000]
CodeHeap 'non-nmethods': size=5760Kb used=1204Kb max_used=1215Kb free=4555Kb
 bounds [0x00000236c7580000, 0x00000236c77f0000, 0x00000236c7b20000]
 total_blobs=619 nmethods=235 adapters=295
 compilation: enabled
              stopped_count=0, restarted_count=0
 full_count=0

Compilation events (20 events):
Event: 0.115 Thread 0x00000236d66ee8a0  218       3       java.util.ImmutableCollections$ListN::get (7 bytes)
Event: 0.115 Thread 0x00000236d66ee8a0 nmethod 218 0x00000236c008f290 code [0x00000236c008f420, 0x00000236c008f558]
Event: 0.115 Thread 0x00000236d66ee8a0  229       3       jdk.internal.org.objectweb.asm.SymbolTable::addConstantUtf8Reference (101 bytes)
Event: 0.116 Thread 0x00000236d66ee8a0 nmethod 229 0x00000236c008f610 code [0x00000236c008f840, 0x00000236c008fe18]
Event: 0.116 Thread 0x00000236d66ee8a0  227       3       jdk.internal.org.objectweb.asm.MethodWriter::visitVarInsn (302 bytes)
Event: 0.116 Thread 0x00000236d66ee8a0 nmethod 227 0x00000236c0090110 code [0x00000236c0090360, 0x00000236c0090d08]
Event: 0.116 Thread 0x00000236d66ee8a0  226       3       jdk.internal.org.objectweb.asm.Frame::pop (42 bytes)
Event: 0.116 Thread 0x00000236d66ee8a0 nmethod 226 0x00000236c0090f90 code [0x00000236c0091140, 0x00000236c00912f8]
Event: 0.116 Thread 0x00000236d66ee8a0  228       3       jdk.internal.org.objectweb.asm.SymbolTable::addConstantClass (8 bytes)
Event: 0.116 Thread 0x00000236d66ee8a0 nmethod 228 0x00000236c0091410 code [0x00000236c00915c0, 0x00000236c0091708]
Event: 0.116 Thread 0x00000236d66ee8a0  223       3       java.lang.invoke.MethodType::parameterSlotCount (8 bytes)
Event: 0.116 Thread 0x00000236d66ee8a0 nmethod 223 0x00000236c0091790 code [0x00000236c0091920, 0x00000236c0091a58]
Event: 0.116 Thread 0x00000236d66ee8a0  231       3       java.lang.invoke.MemberName::isConstructor (8 bytes)
Event: 0.117 Thread 0x00000236d66ee8a0 nmethod 231 0x00000236c0091b10 code [0x00000236c0091cc0, 0x00000236c0091ef8]
Event: 0.117 Thread 0x00000236d66ee8a0  233       3       jdk.internal.org.objectweb.asm.ByteVector::put122 (93 bytes)
Event: 0.117 Thread 0x00000236d66ee8a0 nmethod 233 0x00000236c0092010 code [0x00000236c00921c0, 0x00000236c0092448]
Event: 0.117 Thread 0x00000236d66ee8a0  234       3       java.lang.invoke.MethodType::equals (31 bytes)
Event: 0.117 Thread 0x00000236d66ee8a0 nmethod 234 0x00000236c0092610 code [0x00000236c00927c0, 0x00000236c00929a8]
Event: 0.117 Thread 0x00000236d66ee8a0  235       3       java.lang.invoke.MethodType::parameterCount (6 bytes)
Event: 0.117 Thread 0x00000236d66ee8a0 nmethod 235 0x00000236c0092a90 code [0x00000236c0092c20, 0x00000236c0092d38]

GC Heap History (0 events):
No events

Dll operation events (4 events):
Event: 0.008 Loaded shared library C:\Program Files\Java\jdk-19\bin\java.dll
Event: 0.019 Loaded shared library C:\Program Files\Java\jdk-19\bin\jsvml.dll
Event: 0.073 Loaded shared library C:\Program Files\Java\jdk-19\bin\jimage.dll
Event: 0.093 Loaded shared library C:\Program Files\Java\jdk-19\bin\awt.dll

Deoptimization events (0 events):
No events

Classes loaded (20 events):
Event: 0.118 Loading class java/awt/event/NativeLibLoader$1 done
Event: 0.118 Loading class java/awt/event/InputEvent$1
Event: 0.118 Loading class sun/awt/AWTAccessor$InputEventAccessor
Event: 0.118 Loading class sun/awt/AWTAccessor$InputEventAccessor done
Event: 0.118 Loading class java/awt/event/InputEvent$1 done
Event: 0.118 Loading class sun/awt/windows/WComponentPeer
Event: 0.118 Loading class java/awt/peer/ComponentPeer
Event: 0.118 Loading class java/awt/peer/ComponentPeer done
Event: 0.118 Loading class java/awt/dnd/peer/DropTargetPeer
Event: 0.118 Loading class java/awt/dnd/peer/DropTargetPeer done
Event: 0.118 Loading class sun/awt/windows/WObjectPeer
Event: 0.118 Loading class sun/awt/windows/WObjectPeer done
Event: 0.118 Loading class sun/awt/windows/WComponentPeer done
Event: 0.119 Loading class java/awt/Font
Event: 0.119 Loading class java/awt/Font done
Event: 0.119 Loading class java/awt/Font$FontAccessImpl
Event: 0.119 Loading class sun/font/FontAccess
Event: 0.119 Loading class sun/font/FontAccess done
Event: 0.119 Loading class java/awt/Font$FontAccessImpl done
Event: 0.119 Loading class java/awt/geom/AffineTransform

Classes unloaded (0 events):
No events

Classes redefined (0 events):
No events

Internal exceptions (3 events):
Event: 0.080 Thread 0x00000236b80dbc40 Exception <a 'java/lang/ClassNotFoundException'{0x000000008c64af78}: sun/awt/resources/spi/awtProvider> (0x000000008c64af78) 
thrown [s\open\src\hotspot\share\classfile\systemDictionary.cpp, line 255]
Event: 0.107 Thread 0x00000236b80dbc40 Exception <a 'java/io/FileNotFoundException'{0x000000008c51a4c8}> (0x000000008c51a4c8) 
thrown [s\open\src\hotspot\share\prims\jni.cpp, line 517]
Event: 0.116 Thread 0x00000236b80dbc40 Exception <a 'java/io/FileNotFoundException'{0x000000008c546a30}> (0x000000008c546a30) 
thrown [s\open\src\hotspot\share\prims\jni.cpp, line 517]

VM Operations (0 events):
No events

Events (12 events):
Event: 0.019 Thread 0x00000236b80dbc40 Thread added: 0x00000236b80dbc40
Event: 0.032 Thread 0x00000236d66d4c70 Thread added: 0x00000236d66d4c70
Event: 0.032 Thread 0x00000236d66d7d50 Thread added: 0x00000236d66d7d50
Event: 0.032 Thread 0x00000236d66d9f20 Thread added: 0x00000236d66d9f20
Event: 0.032 Thread 0x00000236d66dabc0 Thread added: 0x00000236d66dabc0
Event: 0.032 Thread 0x00000236d66dbd80 Thread added: 0x00000236d66dbd80
Event: 0.032 Thread 0x00000236d66dcf40 Thread added: 0x00000236d66dcf40
Event: 0.032 Thread 0x00000236d66ea890 Thread added: 0x00000236d66ea890
Event: 0.033 Thread 0x00000236d66ee8a0 Thread added: 0x00000236d66ee8a0
Event: 0.033 Thread 0x00000236d66fde00 Thread added: 0x00000236d66fde00
Event: 0.051 Thread 0x00000236daa0df70 Thread added: 0x00000236daa0df70
Event: 0.055 Thread 0x00000236daa0ea10 Thread added: 0x00000236daa0ea10


Dynamic libraries:
0x00007ff6fd1f0000 - 0x00007ff6fd200000 	C:\Program Files\Java\jdk-19\bin\javaw.exe
0x00007ffbd3840000 - 0x00007ffbd3a49000 	C:\WINDOWS\SYSTEM32\ntdll.dll
0x00007ffbd3420000 - 0x00007ffbd34de000 	C:\WINDOWS\System32\KERNEL32.DLL
0x00007ffbd1250000 - 0x00007ffbd15cc000 	C:\WINDOWS\System32\KERNELBASE.dll
0x00007ffbd1070000 - 0x00007ffbd1181000 	C:\WINDOWS\System32\ucrtbase.dll
0x00007ffbcdf60000 - 0x00007ffbcdf78000 	C:\Program Files\Java\jdk-19\bin\jli.dll
0x00007ffbbaf70000 - 0x00007ffbbaf8b000 	C:\Program Files\Java\jdk-19\bin\VCRUNTIME140.dll
0x00007ffbd2170000 - 0x00007ffbd221e000 	C:\WINDOWS\System32\ADVAPI32.dll
0x00007ffbd2c90000 - 0x00007ffbd2d33000 	C:\WINDOWS\System32\msvcrt.dll
0x00007ffbd3300000 - 0x00007ffbd339e000 	C:\WINDOWS\System32\sechost.dll
0x00007ffbd1f60000 - 0x00007ffbd2080000 	C:\WINDOWS\System32\RPCRT4.dll
0x00007ffbd3650000 - 0x00007ffbd37fd000 	C:\WINDOWS\System32\USER32.dll
0x00007ffbd0db0000 - 0x00007ffbd0dd6000 	C:\WINDOWS\System32\win32u.dll
0x00007ffbb0cd0000 - 0x00007ffbb0f75000 	C:\WINDOWS\WinSxS\amd64_microsoft.windows.common-controls_6595b64144ccf1df_6.0.22000.120_none_9d947278b86cc467\COMCTL32.dll
0x00007ffbd2220000 - 0x00007ffbd2249000 	C:\WINDOWS\System32\GDI32.dll
0x00007ffbd0f50000 - 0x00007ffbd1068000 	C:\WINDOWS\System32\gdi32full.dll
0x00007ffbd0d10000 - 0x00007ffbd0dad000 	C:\WINDOWS\System32\msvcp_win.dll
0x00007ffbcab50000 - 0x00007ffbcab5a000 	C:\WINDOWS\SYSTEM32\VERSION.dll
0x00007ffbd2ab0000 - 0x00007ffbd2ae2000 	C:\WINDOWS\System32\IMM32.DLL
0x00007ffbc6020000 - 0x00007ffbc602c000 	C:\Program Files\Java\jdk-19\bin\vcruntime140_1.dll
0x00007ffba3350000 - 0x00007ffba33de000 	C:\Program Files\Java\jdk-19\bin\msvcp140.dll
0x00007ffb52ff0000 - 0x00007ffb53cb0000 	C:\Program Files\Java\jdk-19\bin\server\jvm.dll
0x00007ffbca4e0000 - 0x00007ffbca513000 	C:\WINDOWS\SYSTEM32\WINMM.dll
0x00007ffbcb280000 - 0x00007ffbcb289000 	C:\WINDOWS\SYSTEM32\WSOCK32.dll
0x00007ffbd2100000 - 0x00007ffbd216f000 	C:\WINDOWS\System32\WS2_32.dll
0x00007ffbcfd90000 - 0x00007ffbcfda8000 	C:\WINDOWS\SYSTEM32\kernel.appcore.dll
0x00007ffbc0de0000 - 0x00007ffbc0dea000 	C:\Program Files\Java\jdk-19\bin\jimage.dll
0x00007ffbce9e0000 - 0x00007ffbcec01000 	C:\WINDOWS\SYSTEM32\DBGHELP.DLL
0x00007ffbbde20000 - 0x00007ffbbde51000 	C:\WINDOWS\SYSTEM32\dbgcore.DLL
0x00007ffbd15d0000 - 0x00007ffbd164f000 	C:\WINDOWS\System32\bcryptPrimitives.dll
0x00007ffbba760000 - 0x00007ffbba786000 	C:\Program Files\Java\jdk-19\bin\java.dll
0x00007ffb8b2d0000 - 0x00007ffb8b3a7000 	C:\Program Files\Java\jdk-19\bin\jsvml.dll
0x00007ffbd16c0000 - 0x00007ffbd1e85000 	C:\WINDOWS\System32\SHELL32.dll
0x00007ffbcedd0000 - 0x00007ffbcf635000 	C:\WINDOWS\SYSTEM32\windows.storage.dll
0x00007ffbd2d40000 - 0x00007ffbd30b8000 	C:\WINDOWS\System32\combase.dll
0x00007ffbcec60000 - 0x00007ffbcedc6000 	C:\WINDOWS\SYSTEM32\wintypes.dll
0x00007ffbd3150000 - 0x00007ffbd323a000 	C:\WINDOWS\System32\SHCORE.dll
0x00007ffbd32a0000 - 0x00007ffbd32fd000 	C:\WINDOWS\System32\shlwapi.dll
0x00007ffbd0c40000 - 0x00007ffbd0c61000 	C:\WINDOWS\SYSTEM32\profapi.dll
0x00007ffb8aba0000 - 0x00007ffb8ad31000 	C:\Program Files\Java\jdk-19\bin\awt.dll
0x00007ffbd2370000 - 0x00007ffbd2446000 	C:\WINDOWS\System32\OLEAUT32.dll
0x00007ffbcde40000 - 0x00007ffbcded1000 	C:\WINDOWS\SYSTEM32\apphelp.dll

dbghelp: loaded successfully - version: 4.0.5 - missing functions: none
symbol engine: initialized successfully - sym options: 0x614 - pdb path: .;C:\Program Files\Java\jdk-19\bin;C:\WINDOWS\SYSTEM32;C:\WINDOWS\WinSxS\amd64_microsoft.windows.common-controls_6595b64144ccf1df_6.0.22000.120_none_9d947278b86cc467;C:\Program Files\Java\jdk-19\bin\server

VM Arguments:
jvm_args: -Dfile.encoding=UTF-8 -XX:+ShowCodeDetailsInExceptionMessages 
java_command: SeleccionDeCambio.SeleccionDeConvertidor
java_class_path (initial): C:\Users\leiru\eclipse-workspace\CambioDeDivisasYMas\bin
Launcher Type: SUN_STANDARD

[Global flags]
     intx CICompilerCount                          = 4                                         {product} {ergonomic}
     uint ConcGCThreads                            = 2                                         {product} {ergonomic}
     uint G1ConcRefinementThreads                  = 8                                         {product} {ergonomic}
   size_t G1HeapRegionSize                         = 1048576                                   {product} {ergonomic}
    uintx GCDrainStackTargetSize                   = 64                                        {product} {ergonomic}
   size_t InitialHeapSize                          = 130023424                                 {product} {ergonomic}
   size_t MarkStackSize                            = 4194304                                   {product} {ergonomic}
   size_t MaxHeapSize                              = 2067791872                                {product} {ergonomic}
   size_t MaxNewSize                               = 1240465408                                {product} {ergonomic}
   size_t MinHeapDeltaBytes                        = 1048576                                   {product} {ergonomic}
   size_t MinHeapSize                              = 8388608                                   {product} {ergonomic}
    uintx NonNMethodCodeHeapSize                   = 5839372                                {pd product} {ergonomic}
    uintx NonProfiledCodeHeapSize                  = 122909434                              {pd product} {ergonomic}
    uintx ProfiledCodeHeapSize                     = 122909434                              {pd product} {ergonomic}
    uintx ReservedCodeCacheSize                    = 251658240                              {pd product} {ergonomic}
     bool SegmentedCodeCache                       = true                                      {product} {ergonomic}
     bool ShowCodeDetailsInExceptionMessages       = true                                   {manageable} {command line}
   size_t SoftMaxHeapSize                          = 2067791872                             {manageable} {ergonomic}
     bool UseCompressedClassPointers               = true                           {product lp64_product} {ergonomic}
     bool UseCompressedOops                        = true                           {product lp64_product} {ergonomic}
     bool UseG1GC                                  = true                                      {product} {ergonomic}
     bool UseLargePagesIndividualAllocation        = false                                  {pd product} {ergonomic}

Logging:
Log output configuration:
 #0: stdout all=warning uptime,level,tags foldmultilines=false
 #1: stderr all=off uptime,level,tags foldmultilines=false

Environment Variables:
PATH=C:\Program Files\Common Files\Oracle\Java\javapath;C:\Python311\Scripts\;C:\Python311\;C:\Program Files\Microsoft\jdk-11.0.12.7-hotspot\bin;C:\Python310\Scripts\;C:\Python310\;C:\WINDOWS\system32;C:\WINDOWS;C:\WINDOWS\System32\Wbem;C:\WINDOWS\System32\WindowsPowerShell\v1.0\;C:\WINDOWS\System32\OpenSSH\;C:\ProgramData\chocolatey\bin;C:\Program Files\Microsoft SQL Server\150\Tools\Binn\;C:\Program Files\Microsoft SQL Server\Client SDK\ODBC\170\Tools\Binn\;C:\Program Files\dotnet\;C:\go\bin;C:\composer;C:\Program Files\nodejs\;C:\Program Files\Git\cmd;C:\Users\leiru\AppData\Local\Microsoft\WindowsApps;C:\Users\leiru\.dotnet\tools;C:\Microsoft VS Code\bin;C:\Program Files\heroku\bin;C:\go\bin;C:\wamp64\bin\php\php5.6.40;C:\wamp64;C:\Users\leiru\AppData\Roaming\Composer\vendor\bin;C:\Users\leiru\AppData\Roaming\npm
USERNAME=leiru
OS=Windows_NT
PROCESSOR_IDENTIFIER=Intel64 Family 6 Model 126 Stepping 5, GenuineIntel
TMP=C:\Users\leiru\AppData\Local\Temp
TEMP=C:\Users\leiru\AppData\Local\Temp



---------------  S Y S T E M  ---------------

OS:
 Windows 11 , 64 bit Build 22000 (10.0.22000.1516)
OS uptime: 5 days 19:54 hours

CPU: total 8 (initial active 8) (4 cores per cpu, 2 threads per core) family 6 model 126 stepping 5 microcode 0xa8, cx8, cmov, fxsr, ht, mmx, 3dnowpref, sse, sse2, sse3, ssse3, sse4.1, sse4.2, popcnt, lzcnt, tsc, tscinvbit, avx, avx2, aes, erms, clmul, bmi1, bmi2, adx, avx512f, avx512dq, avx512cd, avx512bw, avx512vl, sha, fma, vzeroupper, avx512_vpopcntdq, avx512_vpclmulqdq, avx512_vaes, avx512_vnni, clflush, clflushopt, avx512_vbmi2, avx512_vbmi, rdtscp, rdpid, fsrm, gfni, avx512_bitalg

Memory: 4k page, system-wide physical 7880M (547M free)
TotalPageFile size 32456M (AvailPageFile size 2M)
current process WorkingSet (physical memory assigned to process): 35M, peak: 35M
current process commit charge ("private bytes"): 209M, peak: 209M

vm_info: Java HotSpot(TM) 64-Bit Server VM (19.0.2+7-44) for windows-amd64 JRE (19.0.2+7-44), built on 2022-11-30T18:02:09Z by "mach5one" with MS VC++ 17.1 (VS2022)

END.
